::1::[2024-08-06 14:26:10] app.INFO:    OrderProcessingSideEffect::Redis::smembers, ["stock_reserver_reservations:order-40692"]::    
#1: Predis\Client->__call () called at [/var/www/html/src/BodoFood/ProductBundle/Services/Stock/NewStockReservationManager.php:525]    
#2: BodoFood\ProductBundle\Services\Stock\NewStockReservationManager->getReservationsByKey () called at [/var/www/html/src/BodoFood/ProductBundle/Services/Stock/NewStockReservationManager.php:415]    
#3: BodoFood\ProductBundle\Services\Stock\NewStockReservationManager->getReserverReservations () called at [/var/www/html/src/BodoFood/ProductBundle/Services/Stock/NewStockReservationManager.php:262]    
#4: BodoFood\ProductBundle\Services\Stock\NewStockReservationManager->changeReserver () called at [/var/www/html/src/BodoFood/OrderBundle/Services/OrderProcessing.php:2058]    
#5: BodoFood\OrderBundle\Services\OrderProcessing->accept () called at [/var/www/html/src/BodoFood/OrderBundle/Services/OrderService.php:3476]    
#6: BodoFood\OrderBundle\Services\OrderService->acceptOrder () called at [/var/www/html/src/BodoFood/ApiBundle/Controller/VMS/v1/OrderController.php:186]    
#7: BodoFood\ApiBundle\Controller\VMS\v1\OrderController->acceptAction () called at [:]    
#8: call_user_func_array () called at [/var/www/html/vendor/symfony/symfony/src/Symfony/Component/HttpKernel/HttpKernel.php:144]    
#9: Symfony\Component\HttpKernel\HttpKernel->handleRaw () called at [/var/www/html/vendor/symfony/symfony/src/Symfony/Component/HttpKernel/HttpKernel.php:64]    
#10: Symfony\Component\HttpKernel\HttpKernel->handle () called at [/var/www/html/vendor/symfony/symfony/src/Symfony/Component/HttpKernel/DependencyInjection/ContainerAwareHttpKernel.php:69]    
#11: Symfony\Component\HttpKernel\DependencyInjection\ContainerAwareHttpKernel->handle () called at [/var/www/html/vendor/symfony/symfony/src/Symfony/Component/HttpKernel/Kernel.php:185]    
#12: Symfony\Component\HttpKernel\Kernel->handle () called at [/var/www/html/web/app_dev.php:27]   [] []
::None::None
================================================================================
::2::[2024-08-06 14:26:11] app.INFO:    OrderProcessingSideEffect::Redis::smembers, ["stock_reserver_reservations:order-40692"]::    
#1: Predis\Client->__call () called at [/var/www/html/src/BodoFood/ProductBundle/Services/Stock/NewStockReservationManager.php:336]    
#2: BodoFood\ProductBundle\Services\Stock\NewStockReservationManager->persistReserverReservations () called at [/var/www/html/src/BodoFood/OrderBundle/Services/OrderProcessing.php:2587]    
#3: BodoFood\OrderBundle\Services\OrderProcessing->accept () called at [/var/www/html/src/BodoFood/OrderBundle/Services/OrderService.php:3476]    
#4: BodoFood\OrderBundle\Services\OrderService->acceptOrder () called at [/var/www/html/src/BodoFood/ApiBundle/Controller/VMS/v1/OrderController.php:186]    
#5: BodoFood\ApiBundle\Controller\VMS\v1\OrderController->acceptAction () called at [:]    
#6: call_user_func_array () called at [/var/www/html/vendor/symfony/symfony/src/Symfony/Component/HttpKernel/HttpKernel.php:144]    
#7: Symfony\Component\HttpKernel\HttpKernel->handleRaw () called at [/var/www/html/vendor/symfony/symfony/src/Symfony/Component/HttpKernel/HttpKernel.php:64]    
#8: Symfony\Component\HttpKernel\HttpKernel->handle () called at [/var/www/html/vendor/symfony/symfony/src/Symfony/Component/HttpKernel/DependencyInjection/ContainerAwareHttpKernel.php:69]    
#9: Symfony\Component\HttpKernel\DependencyInjection\ContainerAwareHttpKernel->handle () called at [/var/www/html/vendor/symfony/symfony/src/Symfony/Component/HttpKernel/Kernel.php:185]    
#10: Symfony\Component\HttpKernel\Kernel->handle () called at [/var/www/html/web/app_dev.php:27]   [] []
::None::None
================================================================================

================================================================================
