Redis::hexists, ["zoodfood:feature-toggles","rate_limit"]
 Predis\Client->__call ()  RedisFeatureToggleToggleManager.php:73]    
Redis::hexists, ["zoodfood:feature-toggles","rate_limit"]
 BodoFood\BackendBundle\Services\FeatureToggle\Manager\RedisFeatureToggleToggleManager->hasFeature ()  DelegateFeatureToggleManager.php:69]    
Redis::hexists, ["zoodfood:feature-toggles","rate_limit"]
 BodoFood\BackendBundle\Services\FeatureToggle\Manager\DelegateFeatureToggleManager->hasFeature ()  RateLimitService.php:60]    
================================================================================
Redis::get, ["zoodfood_sess_e44ebbc0649b27d802cf20aeb95bdb64"]
 Predis\Client->__call ()  RedisSessionHandler.php:211]    
Redis::get, ["zoodfood_sess_e44ebbc0649b27d802cf20aeb95bdb64"]
 Snc\RedisBundle\Session\Storage\Handler\RedisSessionHandler->read ()  classes.php:416]    
Redis::get, ["zoodfood_sess_e44ebbc0649b27d802cf20aeb95bdb64"]
 Symfony\Component\HttpFoundation\Session\Storage\Proxy\SessionHandlerProxy->read ()   [:]    
================================================================================
RabbitMq::    #1: OldSound\RabbitMqBundle\RabbitMq\Producer->publish () called at [/var/www/html/src/BodoFood/VendorBundle/Services/VendorPingService.php:310]    #2: BodoFood\VendorBundle\Services\VendorPingService->pings () called at [/var/www/html/src/BodoFood/VendorBundle/Services/VendorPingService.php:286]    #3: BodoFood\VendorBundle\Services\VendorPingService->ping () called at [/var/www/html/src/BodoFood/OrderBundle/Services/OrderService.php:3323]    #4: BodoFood\OrderBundle\Services\OrderService->acceptOrder () called at [/var/www/html/src/BodoFood/ApiBundle/Controller/VMS/v1/OrderController.php:186]    #5: BodoFood\ApiBundle\Controller\VMS\v1\OrderController->acceptAction () called at [:]    #6: call_user_func_array () called at [/var/www/html/vendor/symfony/symfony/src/Symfony/Component/HttpKernel/HttpKernel.php:144]    #7: Symfony\Component\HttpKernel\HttpKernel->handleRaw () called at [/var/www/html/vendor/symfony/symfony/src/Symfony/Component/HttpKernel/HttpKernel.php:64]    #8: Symfony\Component\HttpKernel\HttpKernel->handle () called at [/var/www/html/vendor/symfony/symfony/src/Symfony/Component/HttpKernel/DependencyInjection/ContainerAwareHttpKernel.php:69]    #9: Symfony\Component\HttpKernel\DependencyInjection\ContainerAwareHttpKernel->handle () called at [/var/www/html/vendor/symfony/symfony/src/Symfony/Component/HttpKernel/Kernel.php:185]    #10: Symfony\Component\HttpKernel\Kernel->handle () called at [/var/www/html/web/app_dev.php:27] , 1, , , , 1, vendor_ping_generator, direct  [] []
 OldSound\RabbitMqBundle\RabbitMq\Producer->publish ()  VendorPingService.php:310]    
RabbitMq::    #1: OldSound\RabbitMqBundle\RabbitMq\Producer->publish () called at [/var/www/html/src/BodoFood/VendorBundle/Services/VendorPingService.php:310]    #2: BodoFood\VendorBundle\Services\VendorPingService->pings () called at [/var/www/html/src/BodoFood/VendorBundle/Services/VendorPingService.php:286]    #3: BodoFood\VendorBundle\Services\VendorPingService->ping () called at [/var/www/html/src/BodoFood/OrderBundle/Services/OrderService.php:3323]    #4: BodoFood\OrderBundle\Services\OrderService->acceptOrder () called at [/var/www/html/src/BodoFood/ApiBundle/Controller/VMS/v1/OrderController.php:186]    #5: BodoFood\ApiBundle\Controller\VMS\v1\OrderController->acceptAction () called at [:]    #6: call_user_func_array () called at [/var/www/html/vendor/symfony/symfony/src/Symfony/Component/HttpKernel/HttpKernel.php:144]    #7: Symfony\Component\HttpKernel\HttpKernel->handleRaw () called at [/var/www/html/vendor/symfony/symfony/src/Symfony/Component/HttpKernel/HttpKernel.php:64]    #8: Symfony\Component\HttpKernel\HttpKernel->handle () called at [/var/www/html/vendor/symfony/symfony/src/Symfony/Component/HttpKernel/DependencyInjection/ContainerAwareHttpKernel.php:69]    #9: Symfony\Component\HttpKernel\DependencyInjection\ContainerAwareHttpKernel->handle () called at [/var/www/html/vendor/symfony/symfony/src/Symfony/Component/HttpKernel/Kernel.php:185]    #10: Symfony\Component\HttpKernel\Kernel->handle () called at [/var/www/html/web/app_dev.php:27] , 1, , , , 1, vendor_ping_generator, direct  [] []
 BodoFood\VendorBundle\Services\VendorPingService->pings ()  VendorPingService.php:286]    
RabbitMq::    #1: OldSound\RabbitMqBundle\RabbitMq\Producer->publish () called at [/var/www/html/src/BodoFood/VendorBundle/Services/VendorPingService.php:310]    #2: BodoFood\VendorBundle\Services\VendorPingService->pings () called at [/var/www/html/src/BodoFood/VendorBundle/Services/VendorPingService.php:286]    #3: BodoFood\VendorBundle\Services\VendorPingService->ping () called at [/var/www/html/src/BodoFood/OrderBundle/Services/OrderService.php:3323]    #4: BodoFood\OrderBundle\Services\OrderService->acceptOrder () called at [/var/www/html/src/BodoFood/ApiBundle/Controller/VMS/v1/OrderController.php:186]    #5: BodoFood\ApiBundle\Controller\VMS\v1\OrderController->acceptAction () called at [:]    #6: call_user_func_array () called at [/var/www/html/vendor/symfony/symfony/src/Symfony/Component/HttpKernel/HttpKernel.php:144]    #7: Symfony\Component\HttpKernel\HttpKernel->handleRaw () called at [/var/www/html/vendor/symfony/symfony/src/Symfony/Component/HttpKernel/HttpKernel.php:64]    #8: Symfony\Component\HttpKernel\HttpKernel->handle () called at [/var/www/html/vendor/symfony/symfony/src/Symfony/Component/HttpKernel/DependencyInjection/ContainerAwareHttpKernel.php:69]    #9: Symfony\Component\HttpKernel\DependencyInjection\ContainerAwareHttpKernel->handle () called at [/var/www/html/vendor/symfony/symfony/src/Symfony/Component/HttpKernel/Kernel.php:185]    #10: Symfony\Component\HttpKernel\Kernel->handle () called at [/var/www/html/web/app_dev.php:27] , 1, , , , 1, vendor_ping_generator, direct  [] []
 BodoFood\VendorBundle\Services\VendorPingService->ping ()  OrderService.php:3323]    
================================================================================
Redis::hexists, ["zoodfood:feature-toggles","doctrine"]
 Predis\Client->__call ()  RedisFeatureToggleToggleManager.php:73]    
Redis::hexists, ["zoodfood:feature-toggles","doctrine"]
 BodoFood\BackendBundle\Services\FeatureToggle\Manager\RedisFeatureToggleToggleManager->hasFeature ()  RedisFeatureToggleToggleManager.php:83]    
Redis::hexists, ["zoodfood:feature-toggles","doctrine"]
 BodoFood\BackendBundle\Services\FeatureToggle\Manager\RedisFeatureToggleToggleManager->isEnabled ()  DelegateFeatureToggleManager.php:79]    
================================================================================
Business::BodoFood\OrderBundle\Services\OrderProcessing$$loadOrderDependencies$$OrderId: 40692, VendorId: 37102
 BodoFood\OrderBundle\Services\OrderProcessing->logOrderProcessing ()  OrderProcessing.php:1795]    
Business::BodoFood\OrderBundle\Services\OrderProcessing$$loadOrderDependencies$$OrderId: 40692, VendorId: 37102
 BodoFood\OrderBundle\Services\OrderProcessing->loadOrderDependencies ()  OrderProcessing.php:2053]    
Business::BodoFood\OrderBundle\Services\OrderProcessing$$loadOrderDependencies$$OrderId: 40692, VendorId: 37102
 BodoFood\OrderBundle\Services\OrderProcessing->accept ()  OrderService.php:3476]    
================================================================================
Redis::get, ["express_minimum_delivery_distance_1"]
 Predis\Client->__call ()  RedisClient.php:227]    
Redis::get, ["express_minimum_delivery_distance_1"]
 BodoFood\Bundle\Services\RedisClient->get ()  VendorService.php:3755]    
Redis::get, ["express_minimum_delivery_distance_1"]
 BodoFood\VendorBundle\Services\VendorService->defaultExpressMinimumDeliveryDistance ()  OrderService.php:2828]    
================================================================================
Redis::getbit, ["user_favorite_vendors:5479682",37102]
 Predis\Client->__call ()  FavoriteVendorsStoreRedis.php:39]    
Redis::getbit, ["user_favorite_vendors:5479682",37102]
 BodoFood\UserBundle\Services\FavoriteVendor\Store\FavoriteVendorsStoreRedis->get ()  FavoriteVendorsServiceByCache.php:35]    
Redis::getbit, ["user_favorite_vendors:5479682",37102]
 BodoFood\UserBundle\Services\FavoriteVendor\FavoriteVendorsServiceByCache->ifUserFavoursVendor ()  VendorService.php:6753]    
================================================================================
Redis::exists, ["user_favorite_vendors:5479682"]
 Predis\Client->__call ()  FavoriteVendorsStoreRedis.php:43]    
Redis::exists, ["user_favorite_vendors:5479682"]
 BodoFood\UserBundle\Services\FavoriteVendor\Store\FavoriteVendorsStoreRedis->get ()  FavoriteVendorsServiceByCache.php:35]    
Redis::exists, ["user_favorite_vendors:5479682"]
 BodoFood\UserBundle\Services\FavoriteVendor\FavoriteVendorsServiceByCache->ifUserFavoursVendor ()  VendorService.php:6753]    
================================================================================
Redis::get, ["reviewStars_37102"]
 Predis\Client->__call ()  VendorService.php:9299]    
Redis::get, ["reviewStars_37102"]
 BodoFood\VendorBundle\Services\VendorService->getVendorStars ()  VendorService.php:965]    
Redis::get, ["reviewStars_37102"]
 BodoFood\VendorBundle\Services\VendorService->getVendorDetailInfo ()  BasketService.php:1713]    
================================================================================
Redis::smembers, ["stock_reserver_reservations:order-40692"]
 Predis\Client->__call ()  NewStockReservationManager.php:525]    
Redis::smembers, ["stock_reserver_reservations:order-40692"]
 BodoFood\ProductBundle\Services\Stock\NewStockReservationManager->getReservationsByKey ()  NewStockReservationManager.php:415]    
Redis::smembers, ["stock_reserver_reservations:order-40692"]
 BodoFood\ProductBundle\Services\Stock\NewStockReservationManager->getReserverReservations ()  NewStockReservationManager.php:262]    
================================================================================
Business::BodoFood\OrderBundle\Services\OrderProcessing$$accept$$OrderId: 40692, VendorId: 37102, BasketId: 0
logOrderProcessing ()  OrderProcessingLog.php:79]    
================================================================================
Business::BodoFood\OrderBundle\Services\OrderProcessing$$accept$$OrderId: 40692, VendorId: 37102, Status: Accepted
logOrderProcessing ()  OrderProcessingLog.php:87]    
================================================================================
Business::BodoFood\OrderBundle\Services\OrderProcessing$$accept$$OrderId: 40692, VendorId: 37102, UserAddress: تهران، میرداماد، پوری سلطانی، نامی بعد از آقازاده فرد،  میرداماد
logOrderProcessing ()  OrderProcessingLog.php:95]    
================================================================================
Business::BodoFood\OrderBundle\Services\OrderProcessing$$accept$$OrderId: 40692, VendorId: 37102, DeltaOrderPrice: 50
logOrderProcessing ()  OrderProcessingLog.php:104]    
================================================================================
Redis::smembers, ["stock_reserver_reservations:basket-order-40692"]
 Predis\Client->__call ()  NewStockReservationManager.php:525]    
Redis::smembers, ["stock_reserver_reservations:basket-order-40692"]
 BodoFood\ProductBundle\Services\Stock\NewStockReservationManager->getReservationsByKey ()  NewStockReservationManager.php:415]    
Redis::smembers, ["stock_reserver_reservations:basket-order-40692"]
 BodoFood\ProductBundle\Services\Stock\NewStockReservationManager->getReserverReservations ()  NewStockReservationManager.php:262]    
================================================================================
Redis::smembers, ["stock_reserver_reservations:order-40692"]
 Predis\Client->__call ()  NewStockReservationManager.php:336]    
Redis::smembers, ["stock_reserver_reservations:order-40692"]
 BodoFood\ProductBundle\Services\Stock\NewStockReservationManager->persistReserverReservations ()  OrderProcessing.php:2587]    
Redis::smembers, ["stock_reserver_reservations:order-40692"]
 BodoFood\OrderBundle\Services\OrderProcessing->accept ()  OrderService.php:3476]    
================================================================================
Redis::setex, ["zoodfood_sess_e44ebbc0649b27d802cf20aeb95bdb64",604800,"_sf2_attributes|a:1:{s:15:\"basket-identity\";N;}_sf2_flashes|a:0:{}_sf2_meta|a:3:{s:1:\"u\";i:1722941753;s:1:\"c\";i:1722941753;s:1:\"l\";s:7:\"2592000\";}"]
 Predis\Client->__call ()  RedisSessionHandler.php:220]    
Redis::setex, ["zoodfood_sess_e44ebbc0649b27d802cf20aeb95bdb64",604800,"_sf2_attributes|a:1:{s:15:\"basket-identity\";N;}_sf2_flashes|a:0:{}_sf2_meta|a:3:{s:1:\"u\";i:1722941753;s:1:\"c\";i:1722941753;s:1:\"l\";s:7:\"2592000\";}"]
 Snc\RedisBundle\Session\Storage\Handler\RedisSessionHandler->write ()  classes.php:420]    
Redis::setex, ["zoodfood_sess_e44ebbc0649b27d802cf20aeb95bdb64",604800,"_sf2_attributes|a:1:{s:15:\"basket-identity\";N;}_sf2_flashes|a:0:{}_sf2_meta|a:3:{s:1:\"u\";i:1722941753;s:1:\"c\";i:1722941753;s:1:\"l\";s:7:\"2592000\";}"]
 Symfony\Component\HttpFoundation\Session\Storage\Proxy\SessionHandlerProxy->write ()   [:]    
================================================================================
Redis::hexists, ["zoodfood:feature-toggles","delayed_order_queue"]
 Predis\Client->__call ()  RedisFeatureToggleToggleManager.php:73]    
Redis::hexists, ["zoodfood:feature-toggles","delayed_order_queue"]
 BodoFood\BackendBundle\Services\FeatureToggle\Manager\RedisFeatureToggleToggleManager->hasFeature ()  RedisFeatureToggleToggleManager.php:83]    
Redis::hexists, ["zoodfood:feature-toggles","delayed_order_queue"]
 BodoFood\BackendBundle\Services\FeatureToggle\Manager\RedisFeatureToggleToggleManager->isEnabled ()  DelegateFeatureToggleManager.php:79]    
================================================================================