hexists
zoodfood-feature-toggles
rate-limit
get
zoodfood-sess
hexists
zoodfood-feature-toggles
doctrine
exists
foodparty
get
express-minimum-delivery-distance
getbit
user-favorite-vendors

get
reviewStars
set
reviewStars

expire
reviewStars

Flow
Flow-Status
Flow
Flow-UserAddress
Flow
Flow-DeltaOrderPrice
setex
zoodfood-sess

hexists
zoodfood-feature-toggles
delayed-order-queue
hexists
zoodfood-feature-toggles
rate-limit
get
zoodfood-sess
hexists
zoodfood-feature-toggles
doctrine
exists
foodparty
get
express-minimum-delivery-distance
getbit
user-favorite-vendors

get
reviewStars
