::1::[2024-08-11 18:15:50] app.INFO:    OrderProcessingSideEffect::Redis::{"hexists":["zoodfood:feature-toggles","rate_limit"]}::    [] []
::None::None
================================================================================
::2::[2024-08-11 18:16:01] app.INFO:    OrderProcessingSideEffect::Redis::{"get":["zoodfood_sess_c97c434aa9409c4804a34b029361d43c"]}::    [] []
::None::None
================================================================================
::3::[2024-08-11 18:16:03] app.INFO:    OrderProcessingSideEffect::RabbitMq::{"passive":false,"durable":true,"auto_delete":false,"internal":false,"nowait":false,"arguments":null,"ticket":null,"declare":true,"name":"vendor_ping_generator","type":"direct"}::    [] []
::None::None
================================================================================
::4::[2024-08-11 18:16:04] app.INFO:    OrderProcessingSideEffect::Redis::{"hexists":["zoodfood:feature-toggles","doctrine"]}::    [] []
::None::None
================================================================================
::5::[2024-08-11 18:16:14] app.INFO:    OrderProcessingSideEffect::Business::{"Flow":{"DependenciesLoaded":true},"Deep":{"OrderId":"40870","VendorId":"35975"}}::BodoFood\OrderBundle\Services\OrderProcessing::loadOrderDependencies::    [] []

================================================================================
::6::[2024-08-11 18:16:16] app.INFO:    OrderProcessingSideEffect::Redis::{"get":["express_minimum_delivery_distance_1"]}::    [] []
::None::None
================================================================================
::7::[2024-08-11 18:16:17] app.INFO:    OrderProcessingSideEffect::Redis::::    [] []
::None::None
================================================================================
::8::[2024-08-11 18:16:17] app.INFO:    OrderProcessingSideEffect::Redis::{"getbit":["user_favorite_vendors:5479682",35975]}::    [] []
::None::None
================================================================================
::9::[2024-08-11 18:16:17] app.INFO:    OrderProcessingSideEffect::Redis::{"exists":["user_favorite_vendors:5479682"]}::    [] []
::None::None
================================================================================
::10::[2024-08-11 18:16:20] app.INFO:    OrderProcessingSideEffect::Redis::{"get":["reviewStars_35975"]}::    [] []
::None::None
================================================================================
::11::[2024-08-11 18:16:20] app.INFO:    OrderProcessingSideEffect::Redis::{"set":["reviewStars_35975","{\"one\":0,\"two\":0,\"three\":0,\"four\":0,\"five\":0}"]}::    [] []
::None::None
================================================================================
::12::[2024-08-11 18:16:20] app.INFO:    OrderProcessingSideEffect::Redis::{"expire":["reviewStars_35975",21600]}::    [] []
::None::None
================================================================================
::13::[2024-08-11 18:16:20] app.INFO:    OrderProcessingSideEffect::Redis::{"smembers":["stock_reserver_reservations:order-40870"]}::    [] []
::None::None
================================================================================
::14::[2024-08-11 18:16:20] app.INFO:    OrderProcessingSideEffect::Business::{"Flow":{"BasketCreated":false},"Deep":{"OrderId":40870,"VendorId":35975,"BasketId":"basket-order-40870"}}::BodoFood\OrderBundle\Services\OrderProcessing::accept::    [] []

================================================================================
::15::[2024-08-11 18:16:20] app.INFO:    OrderProcessingSideEffect::Business::{"Flow":{"Status":"Accepted"},"Deep":{"OrderId":40870,"VendorId":35975}}::BodoFood\OrderBundle\Services\OrderProcessing::accept::    [] []

================================================================================
::16::[2024-08-11 18:16:20] app.INFO:    OrderProcessingSideEffect::Business::{"Flow":{"UserAddressSet":true},"Deep":{"OrderId":40870,"VendorId":35975,"UserAddressSet":"\u062a\u0647\u0631\u0627\u0646\u060c \u0645\u06cc\u0631\u062f\u0627\u0645\u0627\u062f\u060c \u067e\u0648\u0631\u06cc \u0633\u0644\u0637\u0627\u0646\u06cc\u060c \u0646\u0627\u0645\u06cc \u0628\u0639\u062f \u0627\u0632 \u0622\u0642\u0627\u0632\u0627\u062f\u0647 \u0641\u0631\u062f\u060c  \u0645\u06cc\u0631\u062f\u0627\u0645\u0627\u062f"}}::BodoFood\OrderBundle\Services\OrderProcessing::accept::    [] []

================================================================================
::17::[2024-08-11 18:16:20] app.INFO:    OrderProcessingSideEffect::Business::{"Flow":{"DeltaOrderPriceSet":true},"Deep":{"OrderId":"40870","VendorId":"35975","DeltaOrderPrice":50}}::BodoFood\OrderBundle\Services\OrderProcessing::accept::    [] []

================================================================================
::18::[2024-08-11 18:16:20] app.INFO:    OrderProcessingSideEffect::Redis::{"smembers":["stock_reserver_reservations:basket-order-40870"]}::    [] []
::None::None
================================================================================
::19::[2024-08-11 18:16:20] app.INFO:    OrderProcessingSideEffect::Redis::{"smembers":["stock_reserver_reservations:order-40870"]}::    [] []
::None::None
================================================================================
::20::[2024-08-11 18:16:21] app.INFO:    OrderProcessingSideEffect::Redis::{"setex":["zoodfood_sess_c97c434aa9409c4804a34b029361d43c",604800,"_sf2_attributes|a:1:{s:15:\"basket-identity\";N;}_sf2_flashes|a:0:{}_sf2_meta|a:3:{s:1:\"u\";i:1723387561;s:1:\"c\";i:1723387561;s:1:\"l\";s:7:\"2592000\";}"]}::    [] []
::None::None
================================================================================
::21::[2024-08-11 18:16:21] app.INFO:    OrderProcessingSideEffect::Redis::{"hexists":["zoodfood:feature-toggles","delayed_order_queue"]}::    [] []
::None::None
================================================================================

================================================================================
