hexists
zoodfood:feature-toggles
rate_limit
get
zoodfood_sess_c97c434aa9409c4804a34b029361d43c
passive
durable
auto_delete
internal
nowait
arguments
ticket
declare
name
type
hexists
zoodfood:feature-toggles
doctrine
Flow
Flow.DependenciesLoaded
get
express_minimum_delivery_distance_1
getbit
user_favorite_vendors:5479682
35975
exists
user_favorite_vendors:5479682
get
reviewStars_35975
set
reviewStars_35975
{"one":0,"two":0,"three":0,"four":0,"five":0}
smembers
stock_reserver_reservations:order-40870
Flow
Flow.BasketCreated
Flow
Flow.Status
Flow
Flow.UserAddressSet
Flow
Flow.DeltaOrderPriceSet
smembers
stock_reserver_reservations:basket-order-40870
smembers
stock_reserver_reservations:order-40870
setex
zoodfood_sess_c97c434aa9409c4804a34b029361d43c
604800
_sf2_attributes|a:1:{s:15:"basket-identity";N;}_sf2_flashes|a:0:{}_sf2_meta|a:3:{s:1:"u";i:1723387561;s:1:"c";i:1723387561;s:1:"l";s:7:"2592000";}
hexists
zoodfood:feature-toggles
delayed_order_queue