hexists
zoodfood-feature-toggles
rate-limit
get
zoodfood-sess
passive
durable
auto-delete
internal
nowait
arguments
ticket
declare
name
type
hexists
zoodfood-feature-toggles
doctrine
Flow
Flow-DependenciesLoaded
get
express-minimum-delivery-distance
getbit
user-favorite-vendors

exists
user-favorite-vendors
get
reviewStars
set
reviewStars

smembers
stock-reserver-reservations-order
Flow
Flow-BasketCreated
Flow
Flow-Status
Flow
Flow-UserAddressSet
Flow
Flow-DeltaOrderPriceSet
smembers
stock-reserver-reservations-basket-order
smembers
stock-reserver-reservations-order
setex
zoodfood-sess


hexists
zoodfood-feature-toggles
delayed-order-queue
