::1::[2024-08-10 16:37:48] app.INFO:    OrderProcessingSideEffect::Redis::{"hexists":["zoodfood:feature-toggles","rate_limit"]}::    
#1: Predis\Client->__call () called at [/var/www/html/src/BodoFood/BackendBundle/Services/FeatureToggle/Manager/RedisFeatureToggleToggleManager.php:73]    
#2: BodoFood\BackendBundle\Services\FeatureToggle\Manager\RedisFeatureToggleToggleManager->hasFeature () called at [/var/www/html/src/BodoFood/BackendBundle/Services/FeatureToggle/Manager/DelegateFeatureToggleManager.php:69]    
#3: BodoFood\BackendBundle\Services\FeatureToggle\Manager\DelegateFeatureToggleManager->hasFeature () called at [/var/www/html/src/BodoFood/ApiBundle/Services/RateLimitService.php:60]    
#4: BodoFood\ApiBundle\Services\RateLimitService->__construct () called at [/var/www/html/app/cache/dev/appDevDebugProjectContainer.php:50232]    
#5: appDevDebugProjectContainer->getSnappfoodRateLimitServiceService () called at [/var/www/html/vendor/symfony/symfony/src/Symfony/Component/DependencyInjection/Container.php:314]    
#6: Symfony\Component\DependencyInjection\Container->get () called at [/var/www/html/app/cache/dev/appDevDebugProjectContainer.php:7985]    
#7: appDevDebugProjectContainer->getBodofood_Backend_Security_TwoFactorAuthenticatorService () called at [/var/www/html/vendor/symfony/symfony/src/Symfony/Component/DependencyInjection/Container.php:314]    
#8: Symfony\Component\DependencyInjection\Container->get () called at [/var/www/html/app/cache/dev/appDevDebugProjectContainer.php:52963]    
#9: appDevDebugProjectContainer->getSecurity_Authentication_ManagerService () called at [/var/www/html/vendor/symfony/symfony/src/Symfony/Component/DependencyInjection/Container.php:314]    
#10: Symfony\Component\DependencyInjection\Container->get () called at [/var/www/html/app/cache/dev/appDevDebugProjectContainer.php:46449]    
#11: appDevDebugProjectContainer->getSecurity_AuthorizationCheckerService () called at [/var/www/html/vendor/symfony/symfony/src/Symfony/Component/DependencyInjection/Container.php:314]    
#12: Symfony\Component\DependencyInjection\Container->get () called at [/var/www/html/app/cache/dev/appDevDebugProjectContainer.php:27728]    
#13: appDevDebugProjectContainer->getBugsnag_FactoryService () called at [/var/www/html/vendor/symfony/symfony/src/Symfony/Component/DependencyInjection/Container.php:314]    
#14: Symfony\Component\DependencyInjection\Container->get () called at [/var/www/html/app/cache/dev/appDevDebugProjectContainer.php:27715]    
#15: appDevDebugProjectContainer->getBugsnagService () called at [/var/www/html/vendor/symfony/symfony/src/Symfony/Component/DependencyInjection/Container.php:314]    
#16: Symfony\Component\DependencyInjection\Container->get () called at [/var/www/html/app/cache/dev/appDevDebugProjectContainer.php:27741]    
#17: appDevDebugProjectContainer->getBugsnag_ListenerService () called at [/var/www/html/vendor/symfony/symfony/src/Symfony/Component/DependencyInjection/Container.php:314]    
#18: Symfony\Component\DependencyInjection\Container->get () called at [/var/www/html/app/cache/dev/classes.php:1957]    
#19: Symfony\Component\EventDispatcher\ContainerAwareEventDispatcher->lazyLoad () called at [/var/www/html/app/cache/dev/classes.php:1925]    
#20: Symfony\Component\EventDispatcher\ContainerAwareEventDispatcher->getListeners () called at [/var/www/html/vendor/symfony/symfony/src/Symfony/Component/EventDispatcher/Debug/TraceableEventDispatcher.php:245]    
#21: Symfony\Component\EventDispatcher\Debug\TraceableEventDispatcher->preProcess () called at [/var/www/html/vendor/symfony/symfony/src/Symfony/Component/EventDispatcher/Debug/TraceableEventDispatcher.php:135]    
#22: Symfony\Component\EventDispatcher\Debug\TraceableEventDispatcher->dispatch () called at [/var/www/html/vendor/symfony/symfony/src/Symfony/Component/HttpKernel/HttpKernel.php:125]    
#23: Symfony\Component\HttpKernel\HttpKernel->handleRaw () called at [/var/www/html/vendor/symfony/symfony/src/Symfony/Component/HttpKernel/HttpKernel.php:64]    
#24: Symfony\Component\HttpKernel\HttpKernel->handle () called at [/var/www/html/vendor/symfony/symfony/src/Symfony/Component/HttpKernel/DependencyInjection/ContainerAwareHttpKernel.php:69]    
#25: Symfony\Component\HttpKernel\DependencyInjection\ContainerAwareHttpKernel->handle () called at [/var/www/html/vendor/symfony/symfony/src/Symfony/Component/HttpKernel/Kernel.php:185]    
#26: Symfony\Component\HttpKernel\Kernel->handle () called at [/var/www/html/web/app_dev.php:27]   [] []
::None::None::None::None
================================================================================
::2::[2024-08-10 16:37:48] app.INFO:    OrderProcessingSideEffect::Redis::{"get":["zoodfood_sess_47955728397af2705d9939463fdc78d7"]}::    
#1: Predis\Client->__call () called at [/var/www/html/vendor/snc/redis-bundle/Session/Storage/Handler/RedisSessionHandler.php:211]    
#2: Snc\RedisBundle\Session\Storage\Handler\RedisSessionHandler->read () called at [/var/www/html/app/cache/dev/classes.php:416]    
#3: Symfony\Component\HttpFoundation\Session\Storage\Proxy\SessionHandlerProxy->read () called at [:]    
#4: session_start () called at [/var/www/html/app/cache/dev/classes.php:116]    
#5: Symfony\Component\HttpFoundation\Session\Storage\NativeSessionStorage->start () called at [/var/www/html/app/cache/dev/classes.php:191]    
#6: Symfony\Component\HttpFoundation\Session\Storage\NativeSessionStorage->getBag () called at [/var/www/html/app/cache/dev/classes.php:491]    
#7: Symfony\Component\HttpFoundation\Session\Session->get () called at [/var/www/html/src/BodoFood/OAuth2Bundle/Security/OAuth2GuardAuthenticator.php:91]    
#8: BodoFood\OAuth2Bundle\Security\OAuth2GuardAuthenticator->getCredentials () called at [/var/www/html/vendor/symfony/symfony/src/Symfony/Component/Security/Guard/Firewall/GuardAuthenticationListener.php:98]    
#9: Symfony\Component\Security\Guard\Firewall\GuardAuthenticationListener->executeGuardAuthenticator () called at [/var/www/html/vendor/symfony/symfony/src/Symfony/Component/Security/Guard/Firewall/GuardAuthenticationListener.php:77]    
#10: Symfony\Component\Security\Guard\Firewall\GuardAuthenticationListener->handle () called at [/var/www/html/app/cache/dev/classes.php:2599]    
#11: Symfony\Component\Security\Http\Firewall->onKernelRequest () called at [:]    
#12: call_user_func () called at [/var/www/html/vendor/symfony/symfony/src/Symfony/Component/EventDispatcher/Debug/WrappedListener.php:61]    
#13: Symfony\Component\EventDispatcher\Debug\WrappedListener->__invoke () called at [:]    
#14: call_user_func () called at [/var/www/html/app/cache/dev/classes.php:1858]    
#15: Symfony\Component\EventDispatcher\EventDispatcher->doDispatch () called at [/var/www/html/app/cache/dev/classes.php:1773]    
#16: Symfony\Component\EventDispatcher\EventDispatcher->dispatch () called at [/var/www/html/vendor/symfony/symfony/src/Symfony/Component/EventDispatcher/Debug/TraceableEventDispatcher.php:140]    
#17: Symfony\Component\EventDispatcher\Debug\TraceableEventDispatcher->dispatch () called at [/var/www/html/vendor/symfony/symfony/src/Symfony/Component/HttpKernel/HttpKernel.php:125]    
#18: Symfony\Component\HttpKernel\HttpKernel->handleRaw () called at [/var/www/html/vendor/symfony/symfony/src/Symfony/Component/HttpKernel/HttpKernel.php:64]    
#19: Symfony\Component\HttpKernel\HttpKernel->handle () called at [/var/www/html/vendor/symfony/symfony/src/Symfony/Component/HttpKernel/DependencyInjection/ContainerAwareHttpKernel.php:69]    
#20: Symfony\Component\HttpKernel\DependencyInjection\ContainerAwareHttpKernel->handle () called at [/var/www/html/vendor/symfony/symfony/src/Symfony/Component/HttpKernel/Kernel.php:185]    
#21: Symfony\Component\HttpKernel\Kernel->handle () called at [/var/www/html/web/app_dev.php:27]   [] []
::None::None::None::None
================================================================================
::3::[2024-08-10 16:37:49] app.INFO:    OrderProcessingSideEffect::Redis::{"hexists":["zoodfood:feature-toggles","doctrine"]}::    
#1: Predis\Client->__call () called at [/var/www/html/src/BodoFood/BackendBundle/Services/FeatureToggle/Manager/RedisFeatureToggleToggleManager.php:73]    
#2: BodoFood\BackendBundle\Services\FeatureToggle\Manager\RedisFeatureToggleToggleManager->hasFeature () called at [/var/www/html/src/BodoFood/BackendBundle/Services/FeatureToggle/Manager/RedisFeatureToggleToggleManager.php:83]    
#3: BodoFood\BackendBundle\Services\FeatureToggle\Manager\RedisFeatureToggleToggleManager->isEnabled () called at [/var/www/html/src/BodoFood/BackendBundle/Services/FeatureToggle/Manager/DelegateFeatureToggleManager.php:79]    
#4: BodoFood\BackendBundle\Services\FeatureToggle\Manager\DelegateFeatureToggleManager->isEnabled () called at [/var/www/html/src/BodoFood/UserBundle/Services/SensitiveDataHandler/User/UserDataHandler.php:41]    
#5: BodoFood\UserBundle\Services\SensitiveDataHandler\User\UserDataHandler->__construct () called at [/var/www/html/app/cache/dev/appDevDebugProjectContainer.php:22117]    
#6: appDevDebugProjectContainer->getBodofood_User_DataHandlerService () called at [/var/www/html/vendor/symfony/symfony/src/Symfony/Component/DependencyInjection/Container.php:314]    
#7: Symfony\Component\DependencyInjection\Container->get () called at [/var/www/html/src/BodoFood/PaymentBundle/Services/CreditManager.php:77]    
#8: BodoFood\PaymentBundle\Services\CreditManager->__construct () called at [/var/www/html/app/cache/dev/appDevDebugProjectContainer.php:11433]    
#9: appDevDebugProjectContainer->getBodofood_Credit_ManagerService () called at [/var/www/html/vendor/symfony/symfony/src/Symfony/Component/DependencyInjection/Container.php:314]    
#10: Symfony\Component\DependencyInjection\Container->get () called at [/var/www/html/src/BodoFood/OrderBundle/Services/OrderProcessing.php:289]    
#11: BodoFood\OrderBundle\Services\OrderProcessing->__construct () called at [/var/www/html/app/cache/dev/appDevDebugProjectContainer.php:15676]    
#12: appDevDebugProjectContainer->getBodofood_Order_ProcessingService () called at [/var/www/html/vendor/symfony/symfony/src/Symfony/Component/DependencyInjection/Container.php:314]    
#13: Symfony\Component\DependencyInjection\Container->get () called at [/var/www/html/src/BodoFood/OrderBundle/Services/OrderService.php:3370]    
#14: BodoFood\OrderBundle\Services\OrderService->acceptOrder () called at [/var/www/html/src/BodoFood/ApiBundle/Controller/VMS/v1/OrderController.php:186]    
#15: BodoFood\ApiBundle\Controller\VMS\v1\OrderController->acceptAction () called at [:]    
#16: call_user_func_array () called at [/var/www/html/vendor/symfony/symfony/src/Symfony/Component/HttpKernel/HttpKernel.php:144]    
#17: Symfony\Component\HttpKernel\HttpKernel->handleRaw () called at [/var/www/html/vendor/symfony/symfony/src/Symfony/Component/HttpKernel/HttpKernel.php:64]    
#18: Symfony\Component\HttpKernel\HttpKernel->handle () called at [/var/www/html/vendor/symfony/symfony/src/Symfony/Component/HttpKernel/DependencyInjection/ContainerAwareHttpKernel.php:69]    
#19: Symfony\Component\HttpKernel\DependencyInjection\ContainerAwareHttpKernel->handle () called at [/var/www/html/vendor/symfony/symfony/src/Symfony/Component/HttpKernel/Kernel.php:185]    
#20: Symfony\Component\HttpKernel\Kernel->handle () called at [/var/www/html/web/app_dev.php:27]   [] []
::None::None::None::None
================================================================================
::4::[2024-08-10 16:37:53] app.INFO:    OrderProcessingSideEffect::Redis::{"exists":["foodparty-40823"]}::    
#1: Predis\Client->__call () called at [/var/www/html/src/BodoFood/OrderBundle/Services/OrderProcessing.php:970]    
#2: BodoFood\OrderBundle\Services\OrderProcessing->process () called at [/var/www/html/src/BodoFood/OrderBundle/Services/OrderService.php:3504]    
#3: BodoFood\OrderBundle\Services\OrderService->acceptOrder () called at [/var/www/html/src/BodoFood/ApiBundle/Controller/VMS/v1/OrderController.php:186]    
#4: BodoFood\ApiBundle\Controller\VMS\v1\OrderController->acceptAction () called at [:]    
#5: call_user_func_array () called at [/var/www/html/vendor/symfony/symfony/src/Symfony/Component/HttpKernel/HttpKernel.php:144]    
#6: Symfony\Component\HttpKernel\HttpKernel->handleRaw () called at [/var/www/html/vendor/symfony/symfony/src/Symfony/Component/HttpKernel/HttpKernel.php:64]    
#7: Symfony\Component\HttpKernel\HttpKernel->handle () called at [/var/www/html/vendor/symfony/symfony/src/Symfony/Component/HttpKernel/DependencyInjection/ContainerAwareHttpKernel.php:69]    
#8: Symfony\Component\HttpKernel\DependencyInjection\ContainerAwareHttpKernel->handle () called at [/var/www/html/vendor/symfony/symfony/src/Symfony/Component/HttpKernel/Kernel.php:185]    
#9: Symfony\Component\HttpKernel\Kernel->handle () called at [/var/www/html/web/app_dev.php:27]   [] []
::None::None::None::None
================================================================================
::5::[2024-08-10 16:37:55] app.INFO:    OrderProcessingSideEffect::Redis::{"get":["express_minimum_delivery_distance_1"]}::    
#1: Predis\Client->__call () called at [/var/www/html/src/BodoFood/Bundle/Services/RedisClient.php:227]    
#2: BodoFood\Bundle\Services\RedisClient->get () called at [/var/www/html/src/BodoFood/VendorBundle/Services/VendorService.php:3755]    
#3: BodoFood\VendorBundle\Services\VendorService->defaultExpressMinimumDeliveryDistance () called at [/var/www/html/src/BodoFood/OrderBundle/Services/OrderService.php:2828]    
#4: BodoFood\OrderBundle\Services\OrderService->getExpressMinimumDeliveryDistance () called at [/var/www/html/src/BodoFood/VendorBundle/Services/VendorService.php:743]    
#5: BodoFood\VendorBundle\Services\VendorService->getVendorDetailInfo () called at [/var/www/html/src/BodoFood/OrderBundle/Services/Basket/BasketService.php:1713]    
#6: BodoFood\OrderBundle\Services\Basket\BasketService->updateVendorInfo () called at [/var/www/html/src/BodoFood/OrderBundle/Services/Basket/BasketService.php:859]    
#7: BodoFood\OrderBundle\Services\Basket\BasketService->setVendorId () called at [/var/www/html/src/BodoFood/OrderBundle/Services/OrderBasketFactory.php:95]    
#8: BodoFood\OrderBundle\Services\OrderBasketFactory->initializeBasket () called at [/var/www/html/src/BodoFood/OrderBundle/Services/OrderBasketFactory.php:127]    
#9: BodoFood\OrderBundle\Services\OrderBasketFactory->createBasketFromOrder () called at [/var/www/html/src/BodoFood/OrderBundle/Services/OrderProcessing.php:976]    
#10: BodoFood\OrderBundle\Services\OrderProcessing->process () called at [/var/www/html/src/BodoFood/OrderBundle/Services/OrderService.php:3504]    
#11: BodoFood\OrderBundle\Services\OrderService->acceptOrder () called at [/var/www/html/src/BodoFood/ApiBundle/Controller/VMS/v1/OrderController.php:186]    
#12: BodoFood\ApiBundle\Controller\VMS\v1\OrderController->acceptAction () called at [:]    
#13: call_user_func_array () called at [/var/www/html/vendor/symfony/symfony/src/Symfony/Component/HttpKernel/HttpKernel.php:144]    
#14: Symfony\Component\HttpKernel\HttpKernel->handleRaw () called at [/var/www/html/vendor/symfony/symfony/src/Symfony/Component/HttpKernel/HttpKernel.php:64]    
#15: Symfony\Component\HttpKernel\HttpKernel->handle () called at [/var/www/html/vendor/symfony/symfony/src/Symfony/Component/HttpKernel/DependencyInjection/ContainerAwareHttpKernel.php:69]    
#16: Symfony\Component\HttpKernel\DependencyInjection\ContainerAwareHttpKernel->handle () called at [/var/www/html/vendor/symfony/symfony/src/Symfony/Component/HttpKernel/Kernel.php:185]    
#17: Symfony\Component\HttpKernel\Kernel->handle () called at [/var/www/html/web/app_dev.php:27]   [] []
::None::None::None::None
================================================================================
::6::[2024-08-10 16:38:00] app.INFO:    OrderProcessingSideEffect::Redis::::    
#1: Predis\Client->__call () called at [/var/www/html/vendor/doctrine/cache/lib/Doctrine/Common/Cache/PredisCache.php:98]    
#2: Doctrine\Common\Cache\PredisCache->doSave () called at [/var/www/html/vendor/doctrine/cache/lib/Doctrine/Common/Cache/CacheProvider.php:115]    
#3: Doctrine\Common\Cache\CacheProvider->save () called at [/var/www/html/vendor/doctrine/dbal/lib/Doctrine/DBAL/Cache/ResultCacheStatement.php:114]    
#4: Doctrine\DBAL\Cache\ResultCacheStatement->closeCursor () called at [/var/www/html/vendor/doctrine/orm/lib/Doctrine/ORM/Internal/Hydration/AbstractHydrator.php:207]    
#5: Doctrine\ORM\Internal\Hydration\AbstractHydrator->cleanup () called at [/var/www/html/vendor/doctrine/orm/lib/Doctrine/ORM/Internal/Hydration/AbstractHydrator.php:149]    
#6: Doctrine\ORM\Internal\Hydration\AbstractHydrator->hydrateAll () called at [/var/www/html/vendor/doctrine/orm/lib/Doctrine/ORM/AbstractQuery.php:978]    
#7: Doctrine\ORM\AbstractQuery->executeIgnoreQueryCache () called at [/var/www/html/vendor/doctrine/orm/lib/Doctrine/ORM/AbstractQuery.php:924]    
#8: Doctrine\ORM\AbstractQuery->execute () called at [/var/www/html/vendor/doctrine/orm/lib/Doctrine/ORM/AbstractQuery.php:739]    
#9: Doctrine\ORM\AbstractQuery->getArrayResult () called at [/var/www/html/src/BodoFood/VendorBundle/Entity/Repository/VendorDeliveryRepository.php:243]    
#10: BodoFood\VendorBundle\Entity\Repository\VendorDeliveryRepository->getVendorDeliveriesByVendor () called at [/var/www/html/src/BodoFood/VendorBundle/Services/VendorService.php:839]    
#11: BodoFood\VendorBundle\Services\VendorService->getVendorDetailInfo () called at [/var/www/html/src/BodoFood/OrderBundle/Services/Basket/BasketService.php:1713]    
#12: BodoFood\OrderBundle\Services\Basket\BasketService->updateVendorInfo () called at [/var/www/html/src/BodoFood/OrderBundle/Services/Basket/BasketService.php:859]    
#13: BodoFood\OrderBundle\Services\Basket\BasketService->setVendorId () called at [/var/www/html/src/BodoFood/OrderBundle/Services/OrderBasketFactory.php:95]    
#14: BodoFood\OrderBundle\Services\OrderBasketFactory->initializeBasket () called at [/var/www/html/src/BodoFood/OrderBundle/Services/OrderBasketFactory.php:127]    
#15: BodoFood\OrderBundle\Services\OrderBasketFactory->createBasketFromOrder () called at [/var/www/html/src/BodoFood/OrderBundle/Services/OrderProcessing.php:976]    
#16: BodoFood\OrderBundle\Services\OrderProcessing->process () called at [/var/www/html/src/BodoFood/OrderBundle/Services/OrderService.php:3504]    
#17: BodoFood\OrderBundle\Services\OrderService->acceptOrder () called at [/var/www/html/src/BodoFood/ApiBundle/Controller/VMS/v1/OrderController.php:186]    
#18: BodoFood\ApiBundle\Controller\VMS\v1\OrderController->acceptAction () called at [:]    
#19: call_user_func_array () called at [/var/www/html/vendor/symfony/symfony/src/Symfony/Component/HttpKernel/HttpKernel.php:144]    
#20: Symfony\Component\HttpKernel\HttpKernel->handleRaw () called at [/var/www/html/vendor/symfony/symfony/src/Symfony/Component/HttpKernel/HttpKernel.php:64]    
#21: Symfony\Component\HttpKernel\HttpKernel->handle () called at [/var/www/html/vendor/symfony/symfony/src/Symfony/Component/HttpKernel/DependencyInjection/ContainerAwareHttpKernel.php:69]    
#22: Symfony\Component\HttpKernel\DependencyInjection\ContainerAwareHttpKernel->handle () called at [/var/www/html/vendor/symfony/symfony/src/Symfony/Component/HttpKernel/Kernel.php:185]    
#23: Symfony\Component\HttpKernel\Kernel->handle () called at [/var/www/html/web/app_dev.php:27]   [] []
::None::None::None::None
================================================================================
::7::[2024-08-10 16:38:00] app.INFO:    OrderProcessingSideEffect::Redis::{"getbit":["user_favorite_vendors:259456",24601]}::    
#1: Predis\Client->__call () called at [/var/www/html/src/BodoFood/UserBundle/Services/FavoriteVendor/Store/FavoriteVendorsStoreRedis.php:39]    
#2: BodoFood\UserBundle\Services\FavoriteVendor\Store\FavoriteVendorsStoreRedis->get () called at [/var/www/html/src/BodoFood/UserBundle/Services/FavoriteVendor/FavoriteVendorsServiceByCache.php:35]    
#3: BodoFood\UserBundle\Services\FavoriteVendor\FavoriteVendorsServiceByCache->ifUserFavoursVendor () called at [/var/www/html/src/BodoFood/VendorBundle/Services/VendorService.php:6753]    
#4: BodoFood\VendorBundle\Services\VendorService->ifUserFavoursVendor () called at [/var/www/html/src/BodoFood/VendorBundle/Services/VendorService.php:883]    
#5: BodoFood\VendorBundle\Services\VendorService->getVendorDetailInfo () called at [/var/www/html/src/BodoFood/OrderBundle/Services/Basket/BasketService.php:1713]    
#6: BodoFood\OrderBundle\Services\Basket\BasketService->updateVendorInfo () called at [/var/www/html/src/BodoFood/OrderBundle/Services/Basket/BasketService.php:859]    
#7: BodoFood\OrderBundle\Services\Basket\BasketService->setVendorId () called at [/var/www/html/src/BodoFood/OrderBundle/Services/OrderBasketFactory.php:95]    
#8: BodoFood\OrderBundle\Services\OrderBasketFactory->initializeBasket () called at [/var/www/html/src/BodoFood/OrderBundle/Services/OrderBasketFactory.php:127]    
#9: BodoFood\OrderBundle\Services\OrderBasketFactory->createBasketFromOrder () called at [/var/www/html/src/BodoFood/OrderBundle/Services/OrderProcessing.php:976]    
#10: BodoFood\OrderBundle\Services\OrderProcessing->process () called at [/var/www/html/src/BodoFood/OrderBundle/Services/OrderService.php:3504]    
#11: BodoFood\OrderBundle\Services\OrderService->acceptOrder () called at [/var/www/html/src/BodoFood/ApiBundle/Controller/VMS/v1/OrderController.php:186]    
#12: BodoFood\ApiBundle\Controller\VMS\v1\OrderController->acceptAction () called at [:]    
#13: call_user_func_array () called at [/var/www/html/vendor/symfony/symfony/src/Symfony/Component/HttpKernel/HttpKernel.php:144]    
#14: Symfony\Component\HttpKernel\HttpKernel->handleRaw () called at [/var/www/html/vendor/symfony/symfony/src/Symfony/Component/HttpKernel/HttpKernel.php:64]    
#15: Symfony\Component\HttpKernel\HttpKernel->handle () called at [/var/www/html/vendor/symfony/symfony/src/Symfony/Component/HttpKernel/DependencyInjection/ContainerAwareHttpKernel.php:69]    
#16: Symfony\Component\HttpKernel\DependencyInjection\ContainerAwareHttpKernel->handle () called at [/var/www/html/vendor/symfony/symfony/src/Symfony/Component/HttpKernel/Kernel.php:185]    
#17: Symfony\Component\HttpKernel\Kernel->handle () called at [/var/www/html/web/app_dev.php:27]   [] []
::None::None::None::None
================================================================================
::8::[2024-08-10 16:38:00] app.INFO:    OrderProcessingSideEffect::Redis::{"get":["reviewStars_24601"]}::    
#1: Predis\Client->__call () called at [/var/www/html/src/BodoFood/VendorBundle/Services/VendorService.php:9299]    
#2: BodoFood\VendorBundle\Services\VendorService->getVendorStars () called at [/var/www/html/src/BodoFood/VendorBundle/Services/VendorService.php:965]    
#3: BodoFood\VendorBundle\Services\VendorService->getVendorDetailInfo () called at [/var/www/html/src/BodoFood/OrderBundle/Services/Basket/BasketService.php:1713]    
#4: BodoFood\OrderBundle\Services\Basket\BasketService->updateVendorInfo () called at [/var/www/html/src/BodoFood/OrderBundle/Services/Basket/BasketService.php:859]    
#5: BodoFood\OrderBundle\Services\Basket\BasketService->setVendorId () called at [/var/www/html/src/BodoFood/OrderBundle/Services/OrderBasketFactory.php:95]    
#6: BodoFood\OrderBundle\Services\OrderBasketFactory->initializeBasket () called at [/var/www/html/src/BodoFood/OrderBundle/Services/OrderBasketFactory.php:127]    
#7: BodoFood\OrderBundle\Services\OrderBasketFactory->createBasketFromOrder () called at [/var/www/html/src/BodoFood/OrderBundle/Services/OrderProcessing.php:976]    
#8: BodoFood\OrderBundle\Services\OrderProcessing->process () called at [/var/www/html/src/BodoFood/OrderBundle/Services/OrderService.php:3504]    
#9: BodoFood\OrderBundle\Services\OrderService->acceptOrder () called at [/var/www/html/src/BodoFood/ApiBundle/Controller/VMS/v1/OrderController.php:186]    
#10: BodoFood\ApiBundle\Controller\VMS\v1\OrderController->acceptAction () called at [:]    
#11: call_user_func_array () called at [/var/www/html/vendor/symfony/symfony/src/Symfony/Component/HttpKernel/HttpKernel.php:144]    
#12: Symfony\Component\HttpKernel\HttpKernel->handleRaw () called at [/var/www/html/vendor/symfony/symfony/src/Symfony/Component/HttpKernel/HttpKernel.php:64]    
#13: Symfony\Component\HttpKernel\HttpKernel->handle () called at [/var/www/html/vendor/symfony/symfony/src/Symfony/Component/HttpKernel/DependencyInjection/ContainerAwareHttpKernel.php:69]    
#14: Symfony\Component\HttpKernel\DependencyInjection\ContainerAwareHttpKernel->handle () called at [/var/www/html/vendor/symfony/symfony/src/Symfony/Component/HttpKernel/Kernel.php:185]    
#15: Symfony\Component\HttpKernel\Kernel->handle () called at [/var/www/html/web/app_dev.php:27]   [] []
::None::None::None::None
================================================================================
::9::[2024-08-10 16:38:00] app.INFO:    OrderProcessingSideEffect::Redis::{"set":["reviewStars_24601","{\"one\":0,\"two\":0,\"three\":0,\"four\":0,\"five\":0}"]}::    
#1: Predis\Client->__call () called at [/var/www/html/src/BodoFood/VendorBundle/Services/VendorService.php:9305]    
#2: BodoFood\VendorBundle\Services\VendorService->getVendorStars () called at [/var/www/html/src/BodoFood/VendorBundle/Services/VendorService.php:965]    
#3: BodoFood\VendorBundle\Services\VendorService->getVendorDetailInfo () called at [/var/www/html/src/BodoFood/OrderBundle/Services/Basket/BasketService.php:1713]    
#4: BodoFood\OrderBundle\Services\Basket\BasketService->updateVendorInfo () called at [/var/www/html/src/BodoFood/OrderBundle/Services/Basket/BasketService.php:859]    
#5: BodoFood\OrderBundle\Services\Basket\BasketService->setVendorId () called at [/var/www/html/src/BodoFood/OrderBundle/Services/OrderBasketFactory.php:95]    
#6: BodoFood\OrderBundle\Services\OrderBasketFactory->initializeBasket () called at [/var/www/html/src/BodoFood/OrderBundle/Services/OrderBasketFactory.php:127]    
#7: BodoFood\OrderBundle\Services\OrderBasketFactory->createBasketFromOrder () called at [/var/www/html/src/BodoFood/OrderBundle/Services/OrderProcessing.php:976]    
#8: BodoFood\OrderBundle\Services\OrderProcessing->process () called at [/var/www/html/src/BodoFood/OrderBundle/Services/OrderService.php:3504]    
#9: BodoFood\OrderBundle\Services\OrderService->acceptOrder () called at [/var/www/html/src/BodoFood/ApiBundle/Controller/VMS/v1/OrderController.php:186]    
#10: BodoFood\ApiBundle\Controller\VMS\v1\OrderController->acceptAction () called at [:]    
#11: call_user_func_array () called at [/var/www/html/vendor/symfony/symfony/src/Symfony/Component/HttpKernel/HttpKernel.php:144]    
#12: Symfony\Component\HttpKernel\HttpKernel->handleRaw () called at [/var/www/html/vendor/symfony/symfony/src/Symfony/Component/HttpKernel/HttpKernel.php:64]    
#13: Symfony\Component\HttpKernel\HttpKernel->handle () called at [/var/www/html/vendor/symfony/symfony/src/Symfony/Component/HttpKernel/DependencyInjection/ContainerAwareHttpKernel.php:69]    
#14: Symfony\Component\HttpKernel\DependencyInjection\ContainerAwareHttpKernel->handle () called at [/var/www/html/vendor/symfony/symfony/src/Symfony/Component/HttpKernel/Kernel.php:185]    
#15: Symfony\Component\HttpKernel\Kernel->handle () called at [/var/www/html/web/app_dev.php:27]   [] []
::None::None::None::None
================================================================================
::10::[2024-08-10 16:38:00] app.INFO:    OrderProcessingSideEffect::Redis::{"expire":["reviewStars_24601",21600]}::    
#1: Predis\Client->__call () called at [/var/www/html/src/BodoFood/VendorBundle/Services/VendorService.php:9306]    
#2: BodoFood\VendorBundle\Services\VendorService->getVendorStars () called at [/var/www/html/src/BodoFood/VendorBundle/Services/VendorService.php:965]    
#3: BodoFood\VendorBundle\Services\VendorService->getVendorDetailInfo () called at [/var/www/html/src/BodoFood/OrderBundle/Services/Basket/BasketService.php:1713]    
#4: BodoFood\OrderBundle\Services\Basket\BasketService->updateVendorInfo () called at [/var/www/html/src/BodoFood/OrderBundle/Services/Basket/BasketService.php:859]    
#5: BodoFood\OrderBundle\Services\Basket\BasketService->setVendorId () called at [/var/www/html/src/BodoFood/OrderBundle/Services/OrderBasketFactory.php:95]    
#6: BodoFood\OrderBundle\Services\OrderBasketFactory->initializeBasket () called at [/var/www/html/src/BodoFood/OrderBundle/Services/OrderBasketFactory.php:127]    
#7: BodoFood\OrderBundle\Services\OrderBasketFactory->createBasketFromOrder () called at [/var/www/html/src/BodoFood/OrderBundle/Services/OrderProcessing.php:976]    
#8: BodoFood\OrderBundle\Services\OrderProcessing->process () called at [/var/www/html/src/BodoFood/OrderBundle/Services/OrderService.php:3504]    
#9: BodoFood\OrderBundle\Services\OrderService->acceptOrder () called at [/var/www/html/src/BodoFood/ApiBundle/Controller/VMS/v1/OrderController.php:186]    
#10: BodoFood\ApiBundle\Controller\VMS\v1\OrderController->acceptAction () called at [:]    
#11: call_user_func_array () called at [/var/www/html/vendor/symfony/symfony/src/Symfony/Component/HttpKernel/HttpKernel.php:144]    
#12: Symfony\Component\HttpKernel\HttpKernel->handleRaw () called at [/var/www/html/vendor/symfony/symfony/src/Symfony/Component/HttpKernel/HttpKernel.php:64]    
#13: Symfony\Component\HttpKernel\HttpKernel->handle () called at [/var/www/html/vendor/symfony/symfony/src/Symfony/Component/HttpKernel/DependencyInjection/ContainerAwareHttpKernel.php:69]    
#14: Symfony\Component\HttpKernel\DependencyInjection\ContainerAwareHttpKernel->handle () called at [/var/www/html/vendor/symfony/symfony/src/Symfony/Component/HttpKernel/Kernel.php:185]    
#15: Symfony\Component\HttpKernel\Kernel->handle () called at [/var/www/html/web/app_dev.php:27]   [] []
::None::None::None::None
================================================================================
::11::[2024-08-10 16:38:01] app.INFO:    OrderProcessingSideEffect::Business::{"Flow":{"Status":"Accepted"},"Deep":{"OrderId":"40823","VendorId":"24601"}}::BodoFood\OrderBundle\Services\OrderProcessing::process::    
#1: BodoFood\OrderBundle\Services\OrderProcessingLog\OrderProcessingLog::logOrderProcessingBusiness () called at [/var/www/html/src/BodoFood/OrderBundle/Services/OrderProcessingLog/OrderProcessingLog.php:102]    
#2: BodoFood\OrderBundle\Services\OrderProcessingLog\OrderProcessingLog::logOrderStatus () called at [/var/www/html/src/BodoFood/OrderBundle/Services/OrderProcessing.php:1046]    
#3: BodoFood\OrderBundle\Services\OrderProcessing->process () called at [/var/www/html/src/BodoFood/OrderBundle/Services/OrderService.php:3504]    
#4: BodoFood\OrderBundle\Services\OrderService->acceptOrder () called at [/var/www/html/src/BodoFood/ApiBundle/Controller/VMS/v1/OrderController.php:186]    
#5: BodoFood\ApiBundle\Controller\VMS\v1\OrderController->acceptAction () called at [:]    
#6: call_user_func_array () called at [/var/www/html/vendor/symfony/symfony/src/Symfony/Component/HttpKernel/HttpKernel.php:144]    
#7: Symfony\Component\HttpKernel\HttpKernel->handleRaw () called at [/var/www/html/vendor/symfony/symfony/src/Symfony/Component/HttpKernel/HttpKernel.php:64]    
#8: Symfony\Component\HttpKernel\HttpKernel->handle () called at [/var/www/html/vendor/symfony/symfony/src/Symfony/Component/HttpKernel/DependencyInjection/ContainerAwareHttpKernel.php:69]    
#9: Symfony\Component\HttpKernel\DependencyInjection\ContainerAwareHttpKernel->handle () called at [/var/www/html/vendor/symfony/symfony/src/Symfony/Component/HttpKernel/Kernel.php:185]    
#10: Symfony\Component\HttpKernel\Kernel->handle () called at [/var/www/html/web/app_dev.php:27]   [] []

================================================================================
::12::[2024-08-10 16:38:01] app.INFO:    OrderProcessingSideEffect::Business::{"Flow":{"UserAddress":"\u062a\u0647\u0631\u0627\u0646\u060c \u0645\u06cc\u0631\u062f\u0627\u0645\u0627\u062f\u060c \u067e\u0648\u0631\u06cc \u0633\u0644\u0637\u0627\u0646\u06cc\u060c \u0646\u0627\u0645\u06cc \u0628\u0639\u062f \u0627\u0632 \u0622\u0642\u0627\u0632\u0627\u062f\u0647 \u0641\u0631\u062f\u060c  \u0645\u06cc\u0631\u062f\u0627\u0645\u0627\u062f"},"Deep":{"OrderId":"40823","VendorId":"24601"}}::BodoFood\OrderBundle\Services\OrderProcessing::process::    
#1: BodoFood\OrderBundle\Services\OrderProcessingLog\OrderProcessingLog::logOrderProcessingBusiness () called at [/var/www/html/src/BodoFood/OrderBundle/Services/OrderProcessingLog/OrderProcessingLog.php:111]    
#2: BodoFood\OrderBundle\Services\OrderProcessingLog\OrderProcessingLog::logUserAddress () called at [/var/www/html/src/BodoFood/OrderBundle/Services/OrderProcessing.php:1056]    
#3: BodoFood\OrderBundle\Services\OrderProcessing->process () called at [/var/www/html/src/BodoFood/OrderBundle/Services/OrderService.php:3504]    
#4: BodoFood\OrderBundle\Services\OrderService->acceptOrder () called at [/var/www/html/src/BodoFood/ApiBundle/Controller/VMS/v1/OrderController.php:186]    
#5: BodoFood\ApiBundle\Controller\VMS\v1\OrderController->acceptAction () called at [:]    
#6: call_user_func_array () called at [/var/www/html/vendor/symfony/symfony/src/Symfony/Component/HttpKernel/HttpKernel.php:144]    
#7: Symfony\Component\HttpKernel\HttpKernel->handleRaw () called at [/var/www/html/vendor/symfony/symfony/src/Symfony/Component/HttpKernel/HttpKernel.php:64]    
#8: Symfony\Component\HttpKernel\HttpKernel->handle () called at [/var/www/html/vendor/symfony/symfony/src/Symfony/Component/HttpKernel/DependencyInjection/ContainerAwareHttpKernel.php:69]    
#9: Symfony\Component\HttpKernel\DependencyInjection\ContainerAwareHttpKernel->handle () called at [/var/www/html/vendor/symfony/symfony/src/Symfony/Component/HttpKernel/Kernel.php:185]    
#10: Symfony\Component\HttpKernel\Kernel->handle () called at [/var/www/html/web/app_dev.php:27]   [] []

================================================================================
::13::[2024-08-10 16:38:01] app.INFO:    OrderProcessingSideEffect::Business::{"Flow":{"DeltaOrderPrice":"50"},"Deep":{"OrderId":"40823","VendorId":"24601"}}::BodoFood\OrderBundle\Services\OrderProcessing::process::    
#1: BodoFood\OrderBundle\Services\OrderProcessingLog\OrderProcessingLog::logOrderProcessingBusiness () called at [/var/www/html/src/BodoFood/OrderBundle/Services/OrderProcessingLog/OrderProcessingLog.php:121]    
#2: BodoFood\OrderBundle\Services\OrderProcessingLog\OrderProcessingLog::logDeltaPrice () called at [/var/www/html/src/BodoFood/OrderBundle/Services/OrderProcessing.php:1058]    
#3: BodoFood\OrderBundle\Services\OrderProcessing->process () called at [/var/www/html/src/BodoFood/OrderBundle/Services/OrderService.php:3504]    
#4: BodoFood\OrderBundle\Services\OrderService->acceptOrder () called at [/var/www/html/src/BodoFood/ApiBundle/Controller/VMS/v1/OrderController.php:186]    
#5: BodoFood\ApiBundle\Controller\VMS\v1\OrderController->acceptAction () called at [:]    
#6: call_user_func_array () called at [/var/www/html/vendor/symfony/symfony/src/Symfony/Component/HttpKernel/HttpKernel.php:144]    
#7: Symfony\Component\HttpKernel\HttpKernel->handleRaw () called at [/var/www/html/vendor/symfony/symfony/src/Symfony/Component/HttpKernel/HttpKernel.php:64]    
#8: Symfony\Component\HttpKernel\HttpKernel->handle () called at [/var/www/html/vendor/symfony/symfony/src/Symfony/Component/HttpKernel/DependencyInjection/ContainerAwareHttpKernel.php:69]    
#9: Symfony\Component\HttpKernel\DependencyInjection\ContainerAwareHttpKernel->handle () called at [/var/www/html/vendor/symfony/symfony/src/Symfony/Component/HttpKernel/Kernel.php:185]    
#10: Symfony\Component\HttpKernel\Kernel->handle () called at [/var/www/html/web/app_dev.php:27]   [] []

================================================================================
::14::[2024-08-10 16:38:02] app.INFO:    OrderProcessingSideEffect::Redis::{"setex":["zoodfood_sess_47955728397af2705d9939463fdc78d7",604800]}::    
#1: Predis\Client->__call () called at [/var/www/html/vendor/snc/redis-bundle/Session/Storage/Handler/RedisSessionHandler.php:220]    
#2: Snc\RedisBundle\Session\Storage\Handler\RedisSessionHandler->write () called at [/var/www/html/app/cache/dev/classes.php:420]    
#3: Symfony\Component\HttpFoundation\Session\Storage\Proxy\SessionHandlerProxy->write () called at [:]    
#4: session_write_close () called at [/var/www/html/app/cache/dev/classes.php:161]    
#5: Symfony\Component\HttpFoundation\Session\Storage\NativeSessionStorage->save () called at [/var/www/html/app/cache/dev/classes.php:536]    
#6: Symfony\Component\HttpFoundation\Session\Session->save () called at [/var/www/html/vendor/symfony/symfony/src/Symfony/Component/HttpKernel/EventListener/SaveSessionListener.php:55]    
#7: Symfony\Component\HttpKernel\EventListener\SaveSessionListener->onKernelResponse () called at [:]    
#8: call_user_func () called at [/var/www/html/vendor/symfony/symfony/src/Symfony/Component/EventDispatcher/Debug/WrappedListener.php:61]    
#9: Symfony\Component\EventDispatcher\Debug\WrappedListener->__invoke () called at [:]    
#10: call_user_func () called at [/var/www/html/app/cache/dev/classes.php:1858]    
#11: Symfony\Component\EventDispatcher\EventDispatcher->doDispatch () called at [/var/www/html/app/cache/dev/classes.php:1773]    
#12: Symfony\Component\EventDispatcher\EventDispatcher->dispatch () called at [/var/www/html/vendor/symfony/symfony/src/Symfony/Component/EventDispatcher/Debug/TraceableEventDispatcher.php:140]    
#13: Symfony\Component\EventDispatcher\Debug\TraceableEventDispatcher->dispatch () called at [/var/www/html/vendor/symfony/symfony/src/Symfony/Component/HttpKernel/HttpKernel.php:184]    
#14: Symfony\Component\HttpKernel\HttpKernel->filterResponse () called at [/var/www/html/vendor/symfony/symfony/src/Symfony/Component/HttpKernel/HttpKernel.php:166]    
#15: Symfony\Component\HttpKernel\HttpKernel->handleRaw () called at [/var/www/html/vendor/symfony/symfony/src/Symfony/Component/HttpKernel/HttpKernel.php:64]    
#16: Symfony\Component\HttpKernel\HttpKernel->handle () called at [/var/www/html/vendor/symfony/symfony/src/Symfony/Component/HttpKernel/DependencyInjection/ContainerAwareHttpKernel.php:69]    
#17: Symfony\Component\HttpKernel\DependencyInjection\ContainerAwareHttpKernel->handle () called at [/var/www/html/vendor/symfony/symfony/src/Symfony/Component/HttpKernel/Kernel.php:185]    
#18: Symfony\Component\HttpKernel\Kernel->handle () called at [/var/www/html/web/app_dev.php:27]   [] []
::None::None::None::None
================================================================================
::15::[2024-08-10 16:38:02] app.INFO:    OrderProcessingSideEffect::Redis::{"hexists":["zoodfood:feature-toggles","delayed_order_queue"]}::    
#1: Predis\Client->__call () called at [/var/www/html/src/BodoFood/BackendBundle/Services/FeatureToggle/Manager/RedisFeatureToggleToggleManager.php:73]    
#2: BodoFood\BackendBundle\Services\FeatureToggle\Manager\RedisFeatureToggleToggleManager->hasFeature () called at [/var/www/html/src/BodoFood/BackendBundle/Services/FeatureToggle/Manager/RedisFeatureToggleToggleManager.php:83]    
#3: BodoFood\BackendBundle\Services\FeatureToggle\Manager\RedisFeatureToggleToggleManager->isEnabled () called at [/var/www/html/src/BodoFood/BackendBundle/Services/FeatureToggle/Manager/DelegateFeatureToggleManager.php:79]    
#4: BodoFood\BackendBundle\Services\FeatureToggle\Manager\DelegateFeatureToggleManager->isEnabled () called at [/var/www/html/src/BodoFood/OrderBundle/Services/OrderQueue/Delay/FeatureToggle/DelayedOrderQueueServiceFactory.php:50]    
#5: BodoFood\OrderBundle\Services\OrderQueue\Delay\FeatureToggle\DelayedOrderQueueServiceFactory->create () called at [/var/www/html/app/cache/dev/appDevDebugProjectContainer.php:11751]    
#6: appDevDebugProjectContainer->getBodofood_DelayedOrderQueueServiceService () called at [/var/www/html/vendor/symfony/symfony/src/Symfony/Component/DependencyInjection/Container.php:314]    
#7: Symfony\Component\DependencyInjection\Container->get () called at [/var/www/html/src/BodoFood/OrderBundle/Services/OrderQueueService.php:145]    
#8: BodoFood\OrderBundle\Services\OrderQueueService->__construct () called at [/var/www/html/app/cache/dev/appDevDebugProjectContainer.php:15702]    
#9: appDevDebugProjectContainer->getBodofood_Order_QueueService () called at [/var/www/html/vendor/symfony/symfony/src/Symfony/Component/DependencyInjection/Container.php:314]    
#10: Symfony\Component\DependencyInjection\Container->get () called at [/var/www/html/app/cache/dev/appDevDebugProjectContainer.php:14285]    
#11: appDevDebugProjectContainer->getBodofood_Order_DequeueOrderWithVendorPingServiceService () called at [/var/www/html/vendor/symfony/symfony/src/Symfony/Component/DependencyInjection/Container.php:314]    
#12: Symfony\Component\DependencyInjection\Container->get () called at [/var/www/html/app/cache/dev/appDevDebugProjectContainer.php:14272]    
#13: appDevDebugProjectContainer->getBodofood_Order_DequeuOrderWithVendorPingHandlerService () called at [/var/www/html/vendor/symfony/symfony/src/Symfony/Component/DependencyInjection/Container.php:314]    
#14: Symfony\Component\DependencyInjection\Container->get () called at [/var/www/html/app/cache/dev/classes.php:1957]    
#15: Symfony\Component\EventDispatcher\ContainerAwareEventDispatcher->lazyLoad () called at [/var/www/html/app/cache/dev/classes.php:1922]    
#16: Symfony\Component\EventDispatcher\ContainerAwareEventDispatcher->getListeners () called at [/var/www/html/vendor/symfony/symfony/src/Symfony/Component/EventDispatcher/Debug/TraceableEventDispatcher.php:99]    
#17: Symfony\Component\EventDispatcher\Debug\TraceableEventDispatcher->getListeners () called at [/var/www/html/vendor/symfony/symfony/src/Symfony/Component/EventDispatcher/Debug/TraceableEventDispatcher.php:174]    
#18: Symfony\Component\EventDispatcher\Debug\TraceableEventDispatcher->getNotCalledListeners () called at [/var/www/html/vendor/symfony/symfony/src/Symfony/Component/HttpKernel/DataCollector/EventDataCollector.php:48]    
#19: Symfony\Component\HttpKernel\DataCollector\EventDataCollector->lateCollect () called at [/var/www/html/vendor/symfony/symfony/src/Symfony/Component/HttpKernel/Profiler/Profiler.php:116]    
#20: Symfony\Component\HttpKernel\Profiler\Profiler->saveProfile () called at [/var/www/html/vendor/symfony/symfony/src/Symfony/Component/HttpKernel/EventListener/ProfilerListener.php:158]    
#21: Symfony\Component\HttpKernel\EventListener\ProfilerListener->onKernelTerminate () called at [:]    
#22: call_user_func () called at [/var/www/html/vendor/symfony/symfony/src/Symfony/Component/EventDispatcher/Debug/WrappedListener.php:61]    
#23: Symfony\Component\EventDispatcher\Debug\WrappedListener->__invoke () called at [:]    
#24: call_user_func () called at [/var/www/html/app/cache/dev/classes.php:1858]    
#25: Symfony\Component\EventDispatcher\EventDispatcher->doDispatch () called at [/var/www/html/app/cache/dev/classes.php:1773]    
#26: Symfony\Component\EventDispatcher\EventDispatcher->dispatch () called at [/var/www/html/vendor/symfony/symfony/src/Symfony/Component/EventDispatcher/Debug/TraceableEventDispatcher.php:140]    
#27: Symfony\Component\EventDispatcher\Debug\TraceableEventDispatcher->dispatch () called at [/var/www/html/vendor/symfony/symfony/src/Symfony/Component/HttpKernel/HttpKernel.php:84]    
#28: Symfony\Component\HttpKernel\HttpKernel->terminate () called at [/var/www/html/vendor/symfony/symfony/src/Symfony/Component/HttpKernel/Kernel.php:153]    
#29: Symfony\Component\HttpKernel\Kernel->terminate () called at [/var/www/html/web/app_dev.php:29]   [] []
::None::None::None::None
================================================================================
::16::[2024-08-10 16:38:53] app.INFO:    OrderProcessingSideEffect::Redis::{"hexists":["zoodfood:feature-toggles","rate_limit"]}::    
#1: Predis\Client->__call () called at [/var/www/html/src/BodoFood/BackendBundle/Services/FeatureToggle/Manager/RedisFeatureToggleToggleManager.php:73]    
#2: BodoFood\BackendBundle\Services\FeatureToggle\Manager\RedisFeatureToggleToggleManager->hasFeature () called at [/var/www/html/src/BodoFood/BackendBundle/Services/FeatureToggle/Manager/DelegateFeatureToggleManager.php:69]    
#3: BodoFood\BackendBundle\Services\FeatureToggle\Manager\DelegateFeatureToggleManager->hasFeature () called at [/var/www/html/src/BodoFood/ApiBundle/Services/RateLimitService.php:60]    
#4: BodoFood\ApiBundle\Services\RateLimitService->__construct () called at [/var/www/html/app/cache/dev/appDevDebugProjectContainer.php:50232]    
#5: appDevDebugProjectContainer->getSnappfoodRateLimitServiceService () called at [/var/www/html/vendor/symfony/symfony/src/Symfony/Component/DependencyInjection/Container.php:314]    
#6: Symfony\Component\DependencyInjection\Container->get () called at [/var/www/html/app/cache/dev/appDevDebugProjectContainer.php:7985]    
#7: appDevDebugProjectContainer->getBodofood_Backend_Security_TwoFactorAuthenticatorService () called at [/var/www/html/vendor/symfony/symfony/src/Symfony/Component/DependencyInjection/Container.php:314]    
#8: Symfony\Component\DependencyInjection\Container->get () called at [/var/www/html/app/cache/dev/appDevDebugProjectContainer.php:52963]    
#9: appDevDebugProjectContainer->getSecurity_Authentication_ManagerService () called at [/var/www/html/vendor/symfony/symfony/src/Symfony/Component/DependencyInjection/Container.php:314]    
#10: Symfony\Component\DependencyInjection\Container->get () called at [/var/www/html/app/cache/dev/appDevDebugProjectContainer.php:46449]    
#11: appDevDebugProjectContainer->getSecurity_AuthorizationCheckerService () called at [/var/www/html/vendor/symfony/symfony/src/Symfony/Component/DependencyInjection/Container.php:314]    
#12: Symfony\Component\DependencyInjection\Container->get () called at [/var/www/html/app/cache/dev/appDevDebugProjectContainer.php:27728]    
#13: appDevDebugProjectContainer->getBugsnag_FactoryService () called at [/var/www/html/vendor/symfony/symfony/src/Symfony/Component/DependencyInjection/Container.php:314]    
#14: Symfony\Component\DependencyInjection\Container->get () called at [/var/www/html/app/cache/dev/appDevDebugProjectContainer.php:27715]    
#15: appDevDebugProjectContainer->getBugsnagService () called at [/var/www/html/vendor/symfony/symfony/src/Symfony/Component/DependencyInjection/Container.php:314]    
#16: Symfony\Component\DependencyInjection\Container->get () called at [/var/www/html/app/cache/dev/appDevDebugProjectContainer.php:27741]    
#17: appDevDebugProjectContainer->getBugsnag_ListenerService () called at [/var/www/html/vendor/symfony/symfony/src/Symfony/Component/DependencyInjection/Container.php:314]    
#18: Symfony\Component\DependencyInjection\Container->get () called at [/var/www/html/app/cache/dev/classes.php:1957]    
#19: Symfony\Component\EventDispatcher\ContainerAwareEventDispatcher->lazyLoad () called at [/var/www/html/app/cache/dev/classes.php:1925]    
#20: Symfony\Component\EventDispatcher\ContainerAwareEventDispatcher->getListeners () called at [/var/www/html/vendor/symfony/symfony/src/Symfony/Component/EventDispatcher/Debug/TraceableEventDispatcher.php:245]    
#21: Symfony\Component\EventDispatcher\Debug\TraceableEventDispatcher->preProcess () called at [/var/www/html/vendor/symfony/symfony/src/Symfony/Component/EventDispatcher/Debug/TraceableEventDispatcher.php:135]    
#22: Symfony\Component\EventDispatcher\Debug\TraceableEventDispatcher->dispatch () called at [/var/www/html/vendor/symfony/symfony/src/Symfony/Component/HttpKernel/HttpKernel.php:125]    
#23: Symfony\Component\HttpKernel\HttpKernel->handleRaw () called at [/var/www/html/vendor/symfony/symfony/src/Symfony/Component/HttpKernel/HttpKernel.php:64]    
#24: Symfony\Component\HttpKernel\HttpKernel->handle () called at [/var/www/html/vendor/symfony/symfony/src/Symfony/Component/HttpKernel/DependencyInjection/ContainerAwareHttpKernel.php:69]    
#25: Symfony\Component\HttpKernel\DependencyInjection\ContainerAwareHttpKernel->handle () called at [/var/www/html/vendor/symfony/symfony/src/Symfony/Component/HttpKernel/Kernel.php:185]    
#26: Symfony\Component\HttpKernel\Kernel->handle () called at [/var/www/html/web/app_dev.php:27]   [] []
::None::None::None::None
================================================================================
::17::[2024-08-10 16:38:53] app.INFO:    OrderProcessingSideEffect::Redis::{"get":["zoodfood_sess_a389e72443ac9d2000a5f09f348c12c1"]}::    
#1: Predis\Client->__call () called at [/var/www/html/vendor/snc/redis-bundle/Session/Storage/Handler/RedisSessionHandler.php:211]    
#2: Snc\RedisBundle\Session\Storage\Handler\RedisSessionHandler->read () called at [/var/www/html/app/cache/dev/classes.php:416]    
#3: Symfony\Component\HttpFoundation\Session\Storage\Proxy\SessionHandlerProxy->read () called at [:]    
#4: session_start () called at [/var/www/html/app/cache/dev/classes.php:116]    
#5: Symfony\Component\HttpFoundation\Session\Storage\NativeSessionStorage->start () called at [/var/www/html/app/cache/dev/classes.php:191]    
#6: Symfony\Component\HttpFoundation\Session\Storage\NativeSessionStorage->getBag () called at [/var/www/html/app/cache/dev/classes.php:491]    
#7: Symfony\Component\HttpFoundation\Session\Session->get () called at [/var/www/html/src/BodoFood/OAuth2Bundle/Security/OAuth2GuardAuthenticator.php:91]    
#8: BodoFood\OAuth2Bundle\Security\OAuth2GuardAuthenticator->getCredentials () called at [/var/www/html/vendor/symfony/symfony/src/Symfony/Component/Security/Guard/Firewall/GuardAuthenticationListener.php:98]    
#9: Symfony\Component\Security\Guard\Firewall\GuardAuthenticationListener->executeGuardAuthenticator () called at [/var/www/html/vendor/symfony/symfony/src/Symfony/Component/Security/Guard/Firewall/GuardAuthenticationListener.php:77]    
#10: Symfony\Component\Security\Guard\Firewall\GuardAuthenticationListener->handle () called at [/var/www/html/app/cache/dev/classes.php:2599]    
#11: Symfony\Component\Security\Http\Firewall->onKernelRequest () called at [:]    
#12: call_user_func () called at [/var/www/html/vendor/symfony/symfony/src/Symfony/Component/EventDispatcher/Debug/WrappedListener.php:61]    
#13: Symfony\Component\EventDispatcher\Debug\WrappedListener->__invoke () called at [:]    
#14: call_user_func () called at [/var/www/html/app/cache/dev/classes.php:1858]    
#15: Symfony\Component\EventDispatcher\EventDispatcher->doDispatch () called at [/var/www/html/app/cache/dev/classes.php:1773]    
#16: Symfony\Component\EventDispatcher\EventDispatcher->dispatch () called at [/var/www/html/vendor/symfony/symfony/src/Symfony/Component/EventDispatcher/Debug/TraceableEventDispatcher.php:140]    
#17: Symfony\Component\EventDispatcher\Debug\TraceableEventDispatcher->dispatch () called at [/var/www/html/vendor/symfony/symfony/src/Symfony/Component/HttpKernel/HttpKernel.php:125]    
#18: Symfony\Component\HttpKernel\HttpKernel->handleRaw () called at [/var/www/html/vendor/symfony/symfony/src/Symfony/Component/HttpKernel/HttpKernel.php:64]    
#19: Symfony\Component\HttpKernel\HttpKernel->handle () called at [/var/www/html/vendor/symfony/symfony/src/Symfony/Component/HttpKernel/DependencyInjection/ContainerAwareHttpKernel.php:69]    
#20: Symfony\Component\HttpKernel\DependencyInjection\ContainerAwareHttpKernel->handle () called at [/var/www/html/vendor/symfony/symfony/src/Symfony/Component/HttpKernel/Kernel.php:185]    
#21: Symfony\Component\HttpKernel\Kernel->handle () called at [/var/www/html/web/app_dev.php:27]   [] []
::None::None::None::None
================================================================================
::18::[2024-08-10 16:38:55] app.INFO:    OrderProcessingSideEffect::Redis::{"hexists":["zoodfood:feature-toggles","doctrine"]}::    
#1: Predis\Client->__call () called at [/var/www/html/src/BodoFood/BackendBundle/Services/FeatureToggle/Manager/RedisFeatureToggleToggleManager.php:73]    
#2: BodoFood\BackendBundle\Services\FeatureToggle\Manager\RedisFeatureToggleToggleManager->hasFeature () called at [/var/www/html/src/BodoFood/BackendBundle/Services/FeatureToggle/Manager/RedisFeatureToggleToggleManager.php:83]    
#3: BodoFood\BackendBundle\Services\FeatureToggle\Manager\RedisFeatureToggleToggleManager->isEnabled () called at [/var/www/html/src/BodoFood/BackendBundle/Services/FeatureToggle/Manager/DelegateFeatureToggleManager.php:79]    
#4: BodoFood\BackendBundle\Services\FeatureToggle\Manager\DelegateFeatureToggleManager->isEnabled () called at [/var/www/html/src/BodoFood/UserBundle/Services/SensitiveDataHandler/User/UserDataHandler.php:41]    
#5: BodoFood\UserBundle\Services\SensitiveDataHandler\User\UserDataHandler->__construct () called at [/var/www/html/app/cache/dev/appDevDebugProjectContainer.php:22117]    
#6: appDevDebugProjectContainer->getBodofood_User_DataHandlerService () called at [/var/www/html/vendor/symfony/symfony/src/Symfony/Component/DependencyInjection/Container.php:314]    
#7: Symfony\Component\DependencyInjection\Container->get () called at [/var/www/html/src/BodoFood/PaymentBundle/Services/CreditManager.php:77]    
#8: BodoFood\PaymentBundle\Services\CreditManager->__construct () called at [/var/www/html/app/cache/dev/appDevDebugProjectContainer.php:11433]    
#9: appDevDebugProjectContainer->getBodofood_Credit_ManagerService () called at [/var/www/html/vendor/symfony/symfony/src/Symfony/Component/DependencyInjection/Container.php:314]    
#10: Symfony\Component\DependencyInjection\Container->get () called at [/var/www/html/src/BodoFood/OrderBundle/Services/OrderProcessing.php:289]    
#11: BodoFood\OrderBundle\Services\OrderProcessing->__construct () called at [/var/www/html/app/cache/dev/appDevDebugProjectContainer.php:15676]    
#12: appDevDebugProjectContainer->getBodofood_Order_ProcessingService () called at [/var/www/html/vendor/symfony/symfony/src/Symfony/Component/DependencyInjection/Container.php:314]    
#13: Symfony\Component\DependencyInjection\Container->get () called at [/var/www/html/src/BodoFood/OrderBundle/Services/OrderService.php:3370]    
#14: BodoFood\OrderBundle\Services\OrderService->acceptOrder () called at [/var/www/html/src/BodoFood/ApiBundle/Controller/VMS/v1/OrderController.php:186]    
#15: BodoFood\ApiBundle\Controller\VMS\v1\OrderController->acceptAction () called at [:]    
#16: call_user_func_array () called at [/var/www/html/vendor/symfony/symfony/src/Symfony/Component/HttpKernel/HttpKernel.php:144]    
#17: Symfony\Component\HttpKernel\HttpKernel->handleRaw () called at [/var/www/html/vendor/symfony/symfony/src/Symfony/Component/HttpKernel/HttpKernel.php:64]    
#18: Symfony\Component\HttpKernel\HttpKernel->handle () called at [/var/www/html/vendor/symfony/symfony/src/Symfony/Component/HttpKernel/DependencyInjection/ContainerAwareHttpKernel.php:69]    
#19: Symfony\Component\HttpKernel\DependencyInjection\ContainerAwareHttpKernel->handle () called at [/var/www/html/vendor/symfony/symfony/src/Symfony/Component/HttpKernel/Kernel.php:185]    
#20: Symfony\Component\HttpKernel\Kernel->handle () called at [/var/www/html/web/app_dev.php:27]   [] []
::None::None::None::None
================================================================================
::19::[2024-08-10 16:40:35] app.INFO:    OrderProcessingSideEffect::Redis::{"exists":["foodparty-40823"]}::    
#1: Predis\Client->__call () called at [/var/www/html/src/BodoFood/OrderBundle/Services/OrderProcessing.php:970]    
#2: BodoFood\OrderBundle\Services\OrderProcessing->process () called at [/var/www/html/src/BodoFood/OrderBundle/Services/OrderService.php:3504]    
#3: BodoFood\OrderBundle\Services\OrderService->acceptOrder () called at [/var/www/html/src/BodoFood/ApiBundle/Controller/VMS/v1/OrderController.php:186]    
#4: BodoFood\ApiBundle\Controller\VMS\v1\OrderController->acceptAction () called at [:]    
#5: call_user_func_array () called at [/var/www/html/vendor/symfony/symfony/src/Symfony/Component/HttpKernel/HttpKernel.php:144]    
#6: Symfony\Component\HttpKernel\HttpKernel->handleRaw () called at [/var/www/html/vendor/symfony/symfony/src/Symfony/Component/HttpKernel/HttpKernel.php:64]    
#7: Symfony\Component\HttpKernel\HttpKernel->handle () called at [/var/www/html/vendor/symfony/symfony/src/Symfony/Component/HttpKernel/DependencyInjection/ContainerAwareHttpKernel.php:69]    
#8: Symfony\Component\HttpKernel\DependencyInjection\ContainerAwareHttpKernel->handle () called at [/var/www/html/vendor/symfony/symfony/src/Symfony/Component/HttpKernel/Kernel.php:185]    
#9: Symfony\Component\HttpKernel\Kernel->handle () called at [/var/www/html/web/app_dev.php:27]   [] []
::None::None::None::None
================================================================================
::20::[2024-08-10 16:42:00] app.INFO:    OrderProcessingSideEffect::Redis::{"get":["express_minimum_delivery_distance_1"]}::    
#1: Predis\Client->__call () called at [/var/www/html/src/BodoFood/Bundle/Services/RedisClient.php:227]    
#2: BodoFood\Bundle\Services\RedisClient->get () called at [/var/www/html/src/BodoFood/VendorBundle/Services/VendorService.php:3755]    
#3: BodoFood\VendorBundle\Services\VendorService->defaultExpressMinimumDeliveryDistance () called at [/var/www/html/src/BodoFood/OrderBundle/Services/OrderService.php:2828]    
#4: BodoFood\OrderBundle\Services\OrderService->getExpressMinimumDeliveryDistance () called at [/var/www/html/src/BodoFood/VendorBundle/Services/VendorService.php:743]    
#5: BodoFood\VendorBundle\Services\VendorService->getVendorDetailInfo () called at [/var/www/html/src/BodoFood/OrderBundle/Services/Basket/BasketService.php:1713]    
#6: BodoFood\OrderBundle\Services\Basket\BasketService->updateVendorInfo () called at [/var/www/html/src/BodoFood/OrderBundle/Services/Basket/BasketService.php:859]    
#7: BodoFood\OrderBundle\Services\Basket\BasketService->setVendorId () called at [/var/www/html/src/BodoFood/OrderBundle/Services/OrderBasketFactory.php:95]    
#8: BodoFood\OrderBundle\Services\OrderBasketFactory->initializeBasket () called at [/var/www/html/src/BodoFood/OrderBundle/Services/OrderBasketFactory.php:127]    
#9: BodoFood\OrderBundle\Services\OrderBasketFactory->createBasketFromOrder () called at [/var/www/html/src/BodoFood/OrderBundle/Services/OrderProcessing.php:976]    
#10: BodoFood\OrderBundle\Services\OrderProcessing->process () called at [/var/www/html/src/BodoFood/OrderBundle/Services/OrderService.php:3504]    
#11: BodoFood\OrderBundle\Services\OrderService->acceptOrder () called at [/var/www/html/src/BodoFood/ApiBundle/Controller/VMS/v1/OrderController.php:186]    
#12: BodoFood\ApiBundle\Controller\VMS\v1\OrderController->acceptAction () called at [:]    
#13: call_user_func_array () called at [/var/www/html/vendor/symfony/symfony/src/Symfony/Component/HttpKernel/HttpKernel.php:144]    
#14: Symfony\Component\HttpKernel\HttpKernel->handleRaw () called at [/var/www/html/vendor/symfony/symfony/src/Symfony/Component/HttpKernel/HttpKernel.php:64]    
#15: Symfony\Component\HttpKernel\HttpKernel->handle () called at [/var/www/html/vendor/symfony/symfony/src/Symfony/Component/HttpKernel/DependencyInjection/ContainerAwareHttpKernel.php:69]    
#16: Symfony\Component\HttpKernel\DependencyInjection\ContainerAwareHttpKernel->handle () called at [/var/www/html/vendor/symfony/symfony/src/Symfony/Component/HttpKernel/Kernel.php:185]    
#17: Symfony\Component\HttpKernel\Kernel->handle () called at [/var/www/html/web/app_dev.php:27]   [] []
::None::None::None::None
================================================================================
::21::[2024-08-10 16:42:00] app.INFO:    OrderProcessingSideEffect::Redis::{"getbit":["user_favorite_vendors:259456",24601]}::    
#1: Predis\Client->__call () called at [/var/www/html/src/BodoFood/UserBundle/Services/FavoriteVendor/Store/FavoriteVendorsStoreRedis.php:39]    
#2: BodoFood\UserBundle\Services\FavoriteVendor\Store\FavoriteVendorsStoreRedis->get () called at [/var/www/html/src/BodoFood/UserBundle/Services/FavoriteVendor/FavoriteVendorsServiceByCache.php:35]    
#3: BodoFood\UserBundle\Services\FavoriteVendor\FavoriteVendorsServiceByCache->ifUserFavoursVendor () called at [/var/www/html/src/BodoFood/VendorBundle/Services/VendorService.php:6753]    
#4: BodoFood\VendorBundle\Services\VendorService->ifUserFavoursVendor () called at [/var/www/html/src/BodoFood/VendorBundle/Services/VendorService.php:883]    
#5: BodoFood\VendorBundle\Services\VendorService->getVendorDetailInfo () called at [/var/www/html/src/BodoFood/OrderBundle/Services/Basket/BasketService.php:1713]    
#6: BodoFood\OrderBundle\Services\Basket\BasketService->updateVendorInfo () called at [/var/www/html/src/BodoFood/OrderBundle/Services/Basket/BasketService.php:859]    
#7: BodoFood\OrderBundle\Services\Basket\BasketService->setVendorId () called at [/var/www/html/src/BodoFood/OrderBundle/Services/OrderBasketFactory.php:95]    
#8: BodoFood\OrderBundle\Services\OrderBasketFactory->initializeBasket () called at [/var/www/html/src/BodoFood/OrderBundle/Services/OrderBasketFactory.php:127]    
#9: BodoFood\OrderBundle\Services\OrderBasketFactory->createBasketFromOrder () called at [/var/www/html/src/BodoFood/OrderBundle/Services/OrderProcessing.php:976]    
#10: BodoFood\OrderBundle\Services\OrderProcessing->process () called at [/var/www/html/src/BodoFood/OrderBundle/Services/OrderService.php:3504]    
#11: BodoFood\OrderBundle\Services\OrderService->acceptOrder () called at [/var/www/html/src/BodoFood/ApiBundle/Controller/VMS/v1/OrderController.php:186]    
#12: BodoFood\ApiBundle\Controller\VMS\v1\OrderController->acceptAction () called at [:]    
#13: call_user_func_array () called at [/var/www/html/vendor/symfony/symfony/src/Symfony/Component/HttpKernel/HttpKernel.php:144]    
#14: Symfony\Component\HttpKernel\HttpKernel->handleRaw () called at [/var/www/html/vendor/symfony/symfony/src/Symfony/Component/HttpKernel/HttpKernel.php:64]    
#15: Symfony\Component\HttpKernel\HttpKernel->handle () called at [/var/www/html/vendor/symfony/symfony/src/Symfony/Component/HttpKernel/DependencyInjection/ContainerAwareHttpKernel.php:69]    
#16: Symfony\Component\HttpKernel\DependencyInjection\ContainerAwareHttpKernel->handle () called at [/var/www/html/vendor/symfony/symfony/src/Symfony/Component/HttpKernel/Kernel.php:185]    
#17: Symfony\Component\HttpKernel\Kernel->handle () called at [/var/www/html/web/app_dev.php:27]   [] []
::None::None::None::None
================================================================================
::22::[2024-08-10 16:42:00] app.INFO:    OrderProcessingSideEffect::Redis::{"get":["reviewStars_24601"]}::    
#1: Predis\Client->__call () called at [/var/www/html/src/BodoFood/VendorBundle/Services/VendorService.php:9299]    
#2: BodoFood\VendorBundle\Services\VendorService->getVendorStars () called at [/var/www/html/src/BodoFood/VendorBundle/Services/VendorService.php:965]    
#3: BodoFood\VendorBundle\Services\VendorService->getVendorDetailInfo () called at [/var/www/html/src/BodoFood/OrderBundle/Services/Basket/BasketService.php:1713]    
#4: BodoFood\OrderBundle\Services\Basket\BasketService->updateVendorInfo () called at [/var/www/html/src/BodoFood/OrderBundle/Services/Basket/BasketService.php:859]    
#5: BodoFood\OrderBundle\Services\Basket\BasketService->setVendorId () called at [/var/www/html/src/BodoFood/OrderBundle/Services/OrderBasketFactory.php:95]    
#6: BodoFood\OrderBundle\Services\OrderBasketFactory->initializeBasket () called at [/var/www/html/src/BodoFood/OrderBundle/Services/OrderBasketFactory.php:127]    
#7: BodoFood\OrderBundle\Services\OrderBasketFactory->createBasketFromOrder () called at [/var/www/html/src/BodoFood/OrderBundle/Services/OrderProcessing.php:976]    
#8: BodoFood\OrderBundle\Services\OrderProcessing->process () called at [/var/www/html/src/BodoFood/OrderBundle/Services/OrderService.php:3504]    
#9: BodoFood\OrderBundle\Services\OrderService->acceptOrder () called at [/var/www/html/src/BodoFood/ApiBundle/Controller/VMS/v1/OrderController.php:186]    
#10: BodoFood\ApiBundle\Controller\VMS\v1\OrderController->acceptAction () called at [:]    
#11: call_user_func_array () called at [/var/www/html/vendor/symfony/symfony/src/Symfony/Component/HttpKernel/HttpKernel.php:144]    
#12: Symfony\Component\HttpKernel\HttpKernel->handleRaw () called at [/var/www/html/vendor/symfony/symfony/src/Symfony/Component/HttpKernel/HttpKernel.php:64]    
#13: Symfony\Component\HttpKernel\HttpKernel->handle () called at [/var/www/html/vendor/symfony/symfony/src/Symfony/Component/HttpKernel/DependencyInjection/ContainerAwareHttpKernel.php:69]    
#14: Symfony\Component\HttpKernel\DependencyInjection\ContainerAwareHttpKernel->handle () called at [/var/www/html/vendor/symfony/symfony/src/Symfony/Component/HttpKernel/Kernel.php:185]    
#15: Symfony\Component\HttpKernel\Kernel->handle () called at [/var/www/html/web/app_dev.php:27]   [] []
::None::None::None::None
================================================================================

================================================================================
