::1::[2024-08-06 14:25:53] app.INFO:    OrderProcessingSideEffect::Redis::hexists, ["zoodfood:feature-toggles","rate_limit"]::    
#1: Predis\Client->__call () called at [/var/www/html/src/BodoFood/BackendBundle/Services/FeatureToggle/Manager/RedisFeatureToggleToggleManager.php:73]    
#2: BodoFood\BackendBundle\Services\FeatureToggle\Manager\RedisFeatureToggleToggleManager->hasFeature () called at [/var/www/html/src/BodoFood/BackendBundle/Services/FeatureToggle/Manager/DelegateFeatureToggleManager.php:69]    
#3: BodoFood\BackendBundle\Services\FeatureToggle\Manager\DelegateFeatureToggleManager->hasFeature () called at [/var/www/html/src/BodoFood/ApiBundle/Services/RateLimitService.php:60]    
#4: BodoFood\ApiBundle\Services\RateLimitService->__construct () called at [/var/www/html/app/cache/dev/appDevDebugProjectContainer.php:50232]    
#5: appDevDebugProjectContainer->getSnappfoodRateLimitServiceService () called at [/var/www/html/vendor/symfony/symfony/src/Symfony/Component/DependencyInjection/Container.php:314]    
#6: Symfony\Component\DependencyInjection\Container->get () called at [/var/www/html/app/cache/dev/appDevDebugProjectContainer.php:7985]    
#7: appDevDebugProjectContainer->getBodofood_Backend_Security_TwoFactorAuthenticatorService () called at [/var/www/html/vendor/symfony/symfony/src/Symfony/Component/DependencyInjection/Container.php:314]    
#8: Symfony\Component\DependencyInjection\Container->get () called at [/var/www/html/app/cache/dev/appDevDebugProjectContainer.php:52963]    
#9: appDevDebugProjectContainer->getSecurity_Authentication_ManagerService () called at [/var/www/html/vendor/symfony/symfony/src/Symfony/Component/DependencyInjection/Container.php:314]    
#10: Symfony\Component\DependencyInjection\Container->get () called at [/var/www/html/app/cache/dev/appDevDebugProjectContainer.php:46449]    
#11: appDevDebugProjectContainer->getSecurity_AuthorizationCheckerService () called at [/var/www/html/vendor/symfony/symfony/src/Symfony/Component/DependencyInjection/Container.php:314]    
#12: Symfony\Component\DependencyInjection\Container->get () called at [/var/www/html/app/cache/dev/appDevDebugProjectContainer.php:27728]    
#13: appDevDebugProjectContainer->getBugsnag_FactoryService () called at [/var/www/html/vendor/symfony/symfony/src/Symfony/Component/DependencyInjection/Container.php:314]    
#14: Symfony\Component\DependencyInjection\Container->get () called at [/var/www/html/app/cache/dev/appDevDebugProjectContainer.php:27715]    
#15: appDevDebugProjectContainer->getBugsnagService () called at [/var/www/html/vendor/symfony/symfony/src/Symfony/Component/DependencyInjection/Container.php:314]    
#16: Symfony\Component\DependencyInjection\Container->get () called at [/var/www/html/app/cache/dev/appDevDebugProjectContainer.php:27741]    
#17: appDevDebugProjectContainer->getBugsnag_ListenerService () called at [/var/www/html/vendor/symfony/symfony/src/Symfony/Component/DependencyInjection/Container.php:314]    
#18: Symfony\Component\DependencyInjection\Container->get () called at [/var/www/html/app/cache/dev/classes.php:1957]    
#19: Symfony\Component\EventDispatcher\ContainerAwareEventDispatcher->lazyLoad () called at [/var/www/html/app/cache/dev/classes.php:1925]    
#20: Symfony\Component\EventDispatcher\ContainerAwareEventDispatcher->getListeners () called at [/var/www/html/vendor/symfony/symfony/src/Symfony/Component/EventDispatcher/Debug/TraceableEventDispatcher.php:245]    
#21: Symfony\Component\EventDispatcher\Debug\TraceableEventDispatcher->preProcess () called at [/var/www/html/vendor/symfony/symfony/src/Symfony/Component/EventDispatcher/Debug/TraceableEventDispatcher.php:135]    
#22: Symfony\Component\EventDispatcher\Debug\TraceableEventDispatcher->dispatch () called at [/var/www/html/vendor/symfony/symfony/src/Symfony/Component/HttpKernel/HttpKernel.php:125]    
#23: Symfony\Component\HttpKernel\HttpKernel->handleRaw () called at [/var/www/html/vendor/symfony/symfony/src/Symfony/Component/HttpKernel/HttpKernel.php:64]    
#24: Symfony\Component\HttpKernel\HttpKernel->handle () called at [/var/www/html/vendor/symfony/symfony/src/Symfony/Component/HttpKernel/DependencyInjection/ContainerAwareHttpKernel.php:69]    
#25: Symfony\Component\HttpKernel\DependencyInjection\ContainerAwareHttpKernel->handle () called at [/var/www/html/vendor/symfony/symfony/src/Symfony/Component/HttpKernel/Kernel.php:185]    
#26: Symfony\Component\HttpKernel\Kernel->handle () called at [/var/www/html/web/app_dev.php:27]   [] []
::None::None
================================================================================
::2::[2024-08-06 14:25:53] app.INFO:    OrderProcessingSideEffect::Redis::get, ["zoodfood_sess_e44ebbc0649b27d802cf20aeb95bdb64"]::    
#1: Predis\Client->__call () called at [/var/www/html/vendor/snc/redis-bundle/Session/Storage/Handler/RedisSessionHandler.php:211]    
#2: Snc\RedisBundle\Session\Storage\Handler\RedisSessionHandler->read () called at [/var/www/html/app/cache/dev/classes.php:416]    
#3: Symfony\Component\HttpFoundation\Session\Storage\Proxy\SessionHandlerProxy->read () called at [:]    
#4: session_start () called at [/var/www/html/app/cache/dev/classes.php:116]    
#5: Symfony\Component\HttpFoundation\Session\Storage\NativeSessionStorage->start () called at [/var/www/html/app/cache/dev/classes.php:191]    
#6: Symfony\Component\HttpFoundation\Session\Storage\NativeSessionStorage->getBag () called at [/var/www/html/app/cache/dev/classes.php:491]    
#7: Symfony\Component\HttpFoundation\Session\Session->get () called at [/var/www/html/src/BodoFood/OAuth2Bundle/Security/OAuth2GuardAuthenticator.php:91]    
#8: BodoFood\OAuth2Bundle\Security\OAuth2GuardAuthenticator->getCredentials () called at [/var/www/html/vendor/symfony/symfony/src/Symfony/Component/Security/Guard/Firewall/GuardAuthenticationListener.php:98]    
#9: Symfony\Component\Security\Guard\Firewall\GuardAuthenticationListener->executeGuardAuthenticator () called at [/var/www/html/vendor/symfony/symfony/src/Symfony/Component/Security/Guard/Firewall/GuardAuthenticationListener.php:77]    
#10: Symfony\Component\Security\Guard\Firewall\GuardAuthenticationListener->handle () called at [/var/www/html/app/cache/dev/classes.php:2599]    
#11: Symfony\Component\Security\Http\Firewall->onKernelRequest () called at [:]    
#12: call_user_func () called at [/var/www/html/vendor/symfony/symfony/src/Symfony/Component/EventDispatcher/Debug/WrappedListener.php:61]    
#13: Symfony\Component\EventDispatcher\Debug\WrappedListener->__invoke () called at [:]    
#14: call_user_func () called at [/var/www/html/app/cache/dev/classes.php:1858]    
#15: Symfony\Component\EventDispatcher\EventDispatcher->doDispatch () called at [/var/www/html/app/cache/dev/classes.php:1773]    
#16: Symfony\Component\EventDispatcher\EventDispatcher->dispatch () called at [/var/www/html/vendor/symfony/symfony/src/Symfony/Component/EventDispatcher/Debug/TraceableEventDispatcher.php:140]    
#17: Symfony\Component\EventDispatcher\Debug\TraceableEventDispatcher->dispatch () called at [/var/www/html/vendor/symfony/symfony/src/Symfony/Component/HttpKernel/HttpKernel.php:125]    
#18: Symfony\Component\HttpKernel\HttpKernel->handleRaw () called at [/var/www/html/vendor/symfony/symfony/src/Symfony/Component/HttpKernel/HttpKernel.php:64]    
#19: Symfony\Component\HttpKernel\HttpKernel->handle () called at [/var/www/html/vendor/symfony/symfony/src/Symfony/Component/HttpKernel/DependencyInjection/ContainerAwareHttpKernel.php:69]    
#20: Symfony\Component\HttpKernel\DependencyInjection\ContainerAwareHttpKernel->handle () called at [/var/www/html/vendor/symfony/symfony/src/Symfony/Component/HttpKernel/Kernel.php:185]    
#21: Symfony\Component\HttpKernel\Kernel->handle () called at [/var/www/html/web/app_dev.php:27]   [] []
::None::None
================================================================================
::3::[2024-08-06 14:25:54] app.INFO:    OrderProcessingSideEffect::RabbitMq::    
#1: OldSound\RabbitMqBundle\RabbitMq\Producer->publish () called at [/var/www/html/src/BodoFood/VendorBundle/Services/VendorPingService.php:310]    
#2: BodoFood\VendorBundle\Services\VendorPingService->pings () called at [/var/www/html/src/BodoFood/VendorBundle/Services/VendorPingService.php:286]    
#3: BodoFood\VendorBundle\Services\VendorPingService->ping () called at [/var/www/html/src/BodoFood/OrderBundle/Services/OrderService.php:3323]    
#4: BodoFood\OrderBundle\Services\OrderService->acceptOrder () called at [/var/www/html/src/BodoFood/ApiBundle/Controller/VMS/v1/OrderController.php:186]    
#5: BodoFood\ApiBundle\Controller\VMS\v1\OrderController->acceptAction () called at [:]    
#6: call_user_func_array () called at [/var/www/html/vendor/symfony/symfony/src/Symfony/Component/HttpKernel/HttpKernel.php:144]    
#7: Symfony\Component\HttpKernel\HttpKernel->handleRaw () called at [/var/www/html/vendor/symfony/symfony/src/Symfony/Component/HttpKernel/HttpKernel.php:64]    
#8: Symfony\Component\HttpKernel\HttpKernel->handle () called at [/var/www/html/vendor/symfony/symfony/src/Symfony/Component/HttpKernel/DependencyInjection/ContainerAwareHttpKernel.php:69]    
#9: Symfony\Component\HttpKernel\DependencyInjection\ContainerAwareHttpKernel->handle () called at [/var/www/html/vendor/symfony/symfony/src/Symfony/Component/HttpKernel/Kernel.php:185]    
#10: Symfony\Component\HttpKernel\Kernel->handle () called at [/var/www/html/web/app_dev.php:27] , 1, , , , 1, vendor_ping_generator, direct  [] []
::None::None::None
================================================================================
::4::[2024-08-06 14:25:54] app.INFO:    OrderProcessingSideEffect::Redis::hexists, ["zoodfood:feature-toggles","doctrine"]::    
#1: Predis\Client->__call () called at [/var/www/html/src/BodoFood/BackendBundle/Services/FeatureToggle/Manager/RedisFeatureToggleToggleManager.php:73]    
#2: BodoFood\BackendBundle\Services\FeatureToggle\Manager\RedisFeatureToggleToggleManager->hasFeature () called at [/var/www/html/src/BodoFood/BackendBundle/Services/FeatureToggle/Manager/RedisFeatureToggleToggleManager.php:83]    
#3: BodoFood\BackendBundle\Services\FeatureToggle\Manager\RedisFeatureToggleToggleManager->isEnabled () called at [/var/www/html/src/BodoFood/BackendBundle/Services/FeatureToggle/Manager/DelegateFeatureToggleManager.php:79]    
#4: BodoFood\BackendBundle\Services\FeatureToggle\Manager\DelegateFeatureToggleManager->isEnabled () called at [/var/www/html/src/BodoFood/UserBundle/Services/SensitiveDataHandler/User/UserDataHandler.php:41]    
#5: BodoFood\UserBundle\Services\SensitiveDataHandler\User\UserDataHandler->__construct () called at [/var/www/html/app/cache/dev/appDevDebugProjectContainer.php:22117]    
#6: appDevDebugProjectContainer->getBodofood_User_DataHandlerService () called at [/var/www/html/vendor/symfony/symfony/src/Symfony/Component/DependencyInjection/Container.php:314]    
#7: Symfony\Component\DependencyInjection\Container->get () called at [/var/www/html/src/BodoFood/PaymentBundle/Services/CreditManager.php:77]    
#8: BodoFood\PaymentBundle\Services\CreditManager->__construct () called at [/var/www/html/app/cache/dev/appDevDebugProjectContainer.php:11433]    
#9: appDevDebugProjectContainer->getBodofood_Credit_ManagerService () called at [/var/www/html/vendor/symfony/symfony/src/Symfony/Component/DependencyInjection/Container.php:314]    
#10: Symfony\Component\DependencyInjection\Container->get () called at [/var/www/html/src/BodoFood/OrderBundle/Services/OrderProcessing.php:289]    
#11: BodoFood\OrderBundle\Services\OrderProcessing->__construct () called at [/var/www/html/app/cache/dev/appDevDebugProjectContainer.php:15676]    
#12: appDevDebugProjectContainer->getBodofood_Order_ProcessingService () called at [/var/www/html/vendor/symfony/symfony/src/Symfony/Component/DependencyInjection/Container.php:314]    
#13: Symfony\Component\DependencyInjection\Container->get () called at [/var/www/html/src/BodoFood/OrderBundle/Services/OrderService.php:3370]    
#14: BodoFood\OrderBundle\Services\OrderService->acceptOrder () called at [/var/www/html/src/BodoFood/ApiBundle/Controller/VMS/v1/OrderController.php:186]    
#15: BodoFood\ApiBundle\Controller\VMS\v1\OrderController->acceptAction () called at [:]    
#16: call_user_func_array () called at [/var/www/html/vendor/symfony/symfony/src/Symfony/Component/HttpKernel/HttpKernel.php:144]    
#17: Symfony\Component\HttpKernel\HttpKernel->handleRaw () called at [/var/www/html/vendor/symfony/symfony/src/Symfony/Component/HttpKernel/HttpKernel.php:64]    
#18: Symfony\Component\HttpKernel\HttpKernel->handle () called at [/var/www/html/vendor/symfony/symfony/src/Symfony/Component/HttpKernel/DependencyInjection/ContainerAwareHttpKernel.php:69]    
#19: Symfony\Component\HttpKernel\DependencyInjection\ContainerAwareHttpKernel->handle () called at [/var/www/html/vendor/symfony/symfony/src/Symfony/Component/HttpKernel/Kernel.php:185]    
#20: Symfony\Component\HttpKernel\Kernel->handle () called at [/var/www/html/web/app_dev.php:27]   [] []
::None::None
================================================================================
::5::[2024-08-06 14:26:09] app.INFO:    OrderProcessingSideEffect::Business::BodoFood\OrderBundle\Services\OrderProcessing$$loadOrderDependencies$$OrderId: 40692, VendorId: 37102::    
#1: BodoFood\OrderBundle\Services\OrderProcessing->logOrderProcessing () called at [/var/www/html/src/BodoFood/OrderBundle/Services/OrderProcessing.php:1795]    
#2: BodoFood\OrderBundle\Services\OrderProcessing->loadOrderDependencies () called at [/var/www/html/src/BodoFood/OrderBundle/Services/OrderProcessing.php:2053]    
#3: BodoFood\OrderBundle\Services\OrderProcessing->accept () called at [/var/www/html/src/BodoFood/OrderBundle/Services/OrderService.php:3476]    
#4: BodoFood\OrderBundle\Services\OrderService->acceptOrder () called at [/var/www/html/src/BodoFood/ApiBundle/Controller/VMS/v1/OrderController.php:186]    
#5: BodoFood\ApiBundle\Controller\VMS\v1\OrderController->acceptAction () called at [:]    
#6: call_user_func_array () called at [/var/www/html/vendor/symfony/symfony/src/Symfony/Component/HttpKernel/HttpKernel.php:144]    
#7: Symfony\Component\HttpKernel\HttpKernel->handleRaw () called at [/var/www/html/vendor/symfony/symfony/src/Symfony/Component/HttpKernel/HttpKernel.php:64]    
#8: Symfony\Component\HttpKernel\HttpKernel->handle () called at [/var/www/html/vendor/symfony/symfony/src/Symfony/Component/HttpKernel/DependencyInjection/ContainerAwareHttpKernel.php:69]    
#9: Symfony\Component\HttpKernel\DependencyInjection\ContainerAwareHttpKernel->handle () called at [/var/www/html/vendor/symfony/symfony/src/Symfony/Component/HttpKernel/Kernel.php:185]    
#10: Symfony\Component\HttpKernel\Kernel->handle () called at [/var/www/html/web/app_dev.php:27]   [] []
::None::None
================================================================================
::6::[2024-08-06 14:26:10] app.INFO:    OrderProcessingSideEffect::Redis::get, ["express_minimum_delivery_distance_1"]::    
#1: Predis\Client->__call () called at [/var/www/html/src/BodoFood/Bundle/Services/RedisClient.php:227]    
#2: BodoFood\Bundle\Services\RedisClient->get () called at [/var/www/html/src/BodoFood/VendorBundle/Services/VendorService.php:3755]    
#3: BodoFood\VendorBundle\Services\VendorService->defaultExpressMinimumDeliveryDistance () called at [/var/www/html/src/BodoFood/OrderBundle/Services/OrderService.php:2828]    
#4: BodoFood\OrderBundle\Services\OrderService->getExpressMinimumDeliveryDistance () called at [/var/www/html/src/BodoFood/VendorBundle/Services/VendorService.php:743]    
#5: BodoFood\VendorBundle\Services\VendorService->getVendorDetailInfo () called at [/var/www/html/src/BodoFood/OrderBundle/Services/Basket/BasketService.php:1713]    
#6: BodoFood\OrderBundle\Services\Basket\BasketService->updateVendorInfo () called at [/var/www/html/src/BodoFood/OrderBundle/Services/Basket/BasketService.php:859]    
#7: BodoFood\OrderBundle\Services\Basket\BasketService->setVendorId () called at [/var/www/html/src/BodoFood/OrderBundle/Services/OrderBasketFactory.php:95]    
#8: BodoFood\OrderBundle\Services\OrderBasketFactory->initializeBasket () called at [/var/www/html/src/BodoFood/OrderBundle/Services/OrderBasketFactory.php:127]    
#9: BodoFood\OrderBundle\Services\OrderBasketFactory->createBasketFromOrder () called at [/var/www/html/src/BodoFood/OrderBundle/Services/OrderProcessing.php:2056]    
#10: BodoFood\OrderBundle\Services\OrderProcessing->accept () called at [/var/www/html/src/BodoFood/OrderBundle/Services/OrderService.php:3476]    
#11: BodoFood\OrderBundle\Services\OrderService->acceptOrder () called at [/var/www/html/src/BodoFood/ApiBundle/Controller/VMS/v1/OrderController.php:186]    
#12: BodoFood\ApiBundle\Controller\VMS\v1\OrderController->acceptAction () called at [:]    
#13: call_user_func_array () called at [/var/www/html/vendor/symfony/symfony/src/Symfony/Component/HttpKernel/HttpKernel.php:144]    
#14: Symfony\Component\HttpKernel\HttpKernel->handleRaw () called at [/var/www/html/vendor/symfony/symfony/src/Symfony/Component/HttpKernel/HttpKernel.php:64]    
#15: Symfony\Component\HttpKernel\HttpKernel->handle () called at [/var/www/html/vendor/symfony/symfony/src/Symfony/Component/HttpKernel/DependencyInjection/ContainerAwareHttpKernel.php:69]    
#16: Symfony\Component\HttpKernel\DependencyInjection\ContainerAwareHttpKernel->handle () called at [/var/www/html/vendor/symfony/symfony/src/Symfony/Component/HttpKernel/Kernel.php:185]    
#17: Symfony\Component\HttpKernel\Kernel->handle () called at [/var/www/html/web/app_dev.php:27]   [] []
::None::None
================================================================================
::7::[2024-08-06 14:26:10] app.INFO:    OrderProcessingSideEffect::Redis::getbit, ["user_favorite_vendors:5479682",37102]::    
#1: Predis\Client->__call () called at [/var/www/html/src/BodoFood/UserBundle/Services/FavoriteVendor/Store/FavoriteVendorsStoreRedis.php:39]    
#2: BodoFood\UserBundle\Services\FavoriteVendor\Store\FavoriteVendorsStoreRedis->get () called at [/var/www/html/src/BodoFood/UserBundle/Services/FavoriteVendor/FavoriteVendorsServiceByCache.php:35]    
#3: BodoFood\UserBundle\Services\FavoriteVendor\FavoriteVendorsServiceByCache->ifUserFavoursVendor () called at [/var/www/html/src/BodoFood/VendorBundle/Services/VendorService.php:6753]    
#4: BodoFood\VendorBundle\Services\VendorService->ifUserFavoursVendor () called at [/var/www/html/src/BodoFood/VendorBundle/Services/VendorService.php:883]    
#5: BodoFood\VendorBundle\Services\VendorService->getVendorDetailInfo () called at [/var/www/html/src/BodoFood/OrderBundle/Services/Basket/BasketService.php:1713]    
#6: BodoFood\OrderBundle\Services\Basket\BasketService->updateVendorInfo () called at [/var/www/html/src/BodoFood/OrderBundle/Services/Basket/BasketService.php:859]    
#7: BodoFood\OrderBundle\Services\Basket\BasketService->setVendorId () called at [/var/www/html/src/BodoFood/OrderBundle/Services/OrderBasketFactory.php:95]    
#8: BodoFood\OrderBundle\Services\OrderBasketFactory->initializeBasket () called at [/var/www/html/src/BodoFood/OrderBundle/Services/OrderBasketFactory.php:127]    
#9: BodoFood\OrderBundle\Services\OrderBasketFactory->createBasketFromOrder () called at [/var/www/html/src/BodoFood/OrderBundle/Services/OrderProcessing.php:2056]    
#10: BodoFood\OrderBundle\Services\OrderProcessing->accept () called at [/var/www/html/src/BodoFood/OrderBundle/Services/OrderService.php:3476]    
#11: BodoFood\OrderBundle\Services\OrderService->acceptOrder () called at [/var/www/html/src/BodoFood/ApiBundle/Controller/VMS/v1/OrderController.php:186]    
#12: BodoFood\ApiBundle\Controller\VMS\v1\OrderController->acceptAction () called at [:]    
#13: call_user_func_array () called at [/var/www/html/vendor/symfony/symfony/src/Symfony/Component/HttpKernel/HttpKernel.php:144]    
#14: Symfony\Component\HttpKernel\HttpKernel->handleRaw () called at [/var/www/html/vendor/symfony/symfony/src/Symfony/Component/HttpKernel/HttpKernel.php:64]    
#15: Symfony\Component\HttpKernel\HttpKernel->handle () called at [/var/www/html/vendor/symfony/symfony/src/Symfony/Component/HttpKernel/DependencyInjection/ContainerAwareHttpKernel.php:69]    
#16: Symfony\Component\HttpKernel\DependencyInjection\ContainerAwareHttpKernel->handle () called at [/var/www/html/vendor/symfony/symfony/src/Symfony/Component/HttpKernel/Kernel.php:185]    
#17: Symfony\Component\HttpKernel\Kernel->handle () called at [/var/www/html/web/app_dev.php:27]   [] []
::None::None
================================================================================
::8::[2024-08-06 14:26:10] app.INFO:    OrderProcessingSideEffect::Redis::exists, ["user_favorite_vendors:5479682"]::    
#1: Predis\Client->__call () called at [/var/www/html/src/BodoFood/UserBundle/Services/FavoriteVendor/Store/FavoriteVendorsStoreRedis.php:43]    
#2: BodoFood\UserBundle\Services\FavoriteVendor\Store\FavoriteVendorsStoreRedis->get () called at [/var/www/html/src/BodoFood/UserBundle/Services/FavoriteVendor/FavoriteVendorsServiceByCache.php:35]    
#3: BodoFood\UserBundle\Services\FavoriteVendor\FavoriteVendorsServiceByCache->ifUserFavoursVendor () called at [/var/www/html/src/BodoFood/VendorBundle/Services/VendorService.php:6753]    
#4: BodoFood\VendorBundle\Services\VendorService->ifUserFavoursVendor () called at [/var/www/html/src/BodoFood/VendorBundle/Services/VendorService.php:883]    
#5: BodoFood\VendorBundle\Services\VendorService->getVendorDetailInfo () called at [/var/www/html/src/BodoFood/OrderBundle/Services/Basket/BasketService.php:1713]    
#6: BodoFood\OrderBundle\Services\Basket\BasketService->updateVendorInfo () called at [/var/www/html/src/BodoFood/OrderBundle/Services/Basket/BasketService.php:859]    
#7: BodoFood\OrderBundle\Services\Basket\BasketService->setVendorId () called at [/var/www/html/src/BodoFood/OrderBundle/Services/OrderBasketFactory.php:95]    
#8: BodoFood\OrderBundle\Services\OrderBasketFactory->initializeBasket () called at [/var/www/html/src/BodoFood/OrderBundle/Services/OrderBasketFactory.php:127]    
#9: BodoFood\OrderBundle\Services\OrderBasketFactory->createBasketFromOrder () called at [/var/www/html/src/BodoFood/OrderBundle/Services/OrderProcessing.php:2056]    
#10: BodoFood\OrderBundle\Services\OrderProcessing->accept () called at [/var/www/html/src/BodoFood/OrderBundle/Services/OrderService.php:3476]    
#11: BodoFood\OrderBundle\Services\OrderService->acceptOrder () called at [/var/www/html/src/BodoFood/ApiBundle/Controller/VMS/v1/OrderController.php:186]    
#12: BodoFood\ApiBundle\Controller\VMS\v1\OrderController->acceptAction () called at [:]    
#13: call_user_func_array () called at [/var/www/html/vendor/symfony/symfony/src/Symfony/Component/HttpKernel/HttpKernel.php:144]    
#14: Symfony\Component\HttpKernel\HttpKernel->handleRaw () called at [/var/www/html/vendor/symfony/symfony/src/Symfony/Component/HttpKernel/HttpKernel.php:64]    
#15: Symfony\Component\HttpKernel\HttpKernel->handle () called at [/var/www/html/vendor/symfony/symfony/src/Symfony/Component/HttpKernel/DependencyInjection/ContainerAwareHttpKernel.php:69]    
#16: Symfony\Component\HttpKernel\DependencyInjection\ContainerAwareHttpKernel->handle () called at [/var/www/html/vendor/symfony/symfony/src/Symfony/Component/HttpKernel/Kernel.php:185]    
#17: Symfony\Component\HttpKernel\Kernel->handle () called at [/var/www/html/web/app_dev.php:27]   [] []
::None::None
================================================================================
::9::[2024-08-06 14:26:10] app.INFO:    OrderProcessingSideEffect::Redis::get, ["reviewStars_37102"]::    
#1: Predis\Client->__call () called at [/var/www/html/src/BodoFood/VendorBundle/Services/VendorService.php:9299]    
#2: BodoFood\VendorBundle\Services\VendorService->getVendorStars () called at [/var/www/html/src/BodoFood/VendorBundle/Services/VendorService.php:965]    
#3: BodoFood\VendorBundle\Services\VendorService->getVendorDetailInfo () called at [/var/www/html/src/BodoFood/OrderBundle/Services/Basket/BasketService.php:1713]    
#4: BodoFood\OrderBundle\Services\Basket\BasketService->updateVendorInfo () called at [/var/www/html/src/BodoFood/OrderBundle/Services/Basket/BasketService.php:859]    
#5: BodoFood\OrderBundle\Services\Basket\BasketService->setVendorId () called at [/var/www/html/src/BodoFood/OrderBundle/Services/OrderBasketFactory.php:95]    
#6: BodoFood\OrderBundle\Services\OrderBasketFactory->initializeBasket () called at [/var/www/html/src/BodoFood/OrderBundle/Services/OrderBasketFactory.php:127]    
#7: BodoFood\OrderBundle\Services\OrderBasketFactory->createBasketFromOrder () called at [/var/www/html/src/BodoFood/OrderBundle/Services/OrderProcessing.php:2056]    
#8: BodoFood\OrderBundle\Services\OrderProcessing->accept () called at [/var/www/html/src/BodoFood/OrderBundle/Services/OrderService.php:3476]    
#9: BodoFood\OrderBundle\Services\OrderService->acceptOrder () called at [/var/www/html/src/BodoFood/ApiBundle/Controller/VMS/v1/OrderController.php:186]    
#10: BodoFood\ApiBundle\Controller\VMS\v1\OrderController->acceptAction () called at [:]    
#11: call_user_func_array () called at [/var/www/html/vendor/symfony/symfony/src/Symfony/Component/HttpKernel/HttpKernel.php:144]    
#12: Symfony\Component\HttpKernel\HttpKernel->handleRaw () called at [/var/www/html/vendor/symfony/symfony/src/Symfony/Component/HttpKernel/HttpKernel.php:64]    
#13: Symfony\Component\HttpKernel\HttpKernel->handle () called at [/var/www/html/vendor/symfony/symfony/src/Symfony/Component/HttpKernel/DependencyInjection/ContainerAwareHttpKernel.php:69]    
#14: Symfony\Component\HttpKernel\DependencyInjection\ContainerAwareHttpKernel->handle () called at [/var/www/html/vendor/symfony/symfony/src/Symfony/Component/HttpKernel/Kernel.php:185]    
#15: Symfony\Component\HttpKernel\Kernel->handle () called at [/var/www/html/web/app_dev.php:27]   [] []
::None::None
================================================================================
::10::[2024-08-06 14:26:10] app.INFO:    OrderProcessingSideEffect::Redis::smembers, ["stock_reserver_reservations:order-40692"]::    
#1: Predis\Client->__call () called at [/var/www/html/src/BodoFood/ProductBundle/Services/Stock/NewStockReservationManager.php:525]    
#2: BodoFood\ProductBundle\Services\Stock\NewStockReservationManager->getReservationsByKey () called at [/var/www/html/src/BodoFood/ProductBundle/Services/Stock/NewStockReservationManager.php:415]    
#3: BodoFood\ProductBundle\Services\Stock\NewStockReservationManager->getReserverReservations () called at [/var/www/html/src/BodoFood/ProductBundle/Services/Stock/NewStockReservationManager.php:262]    
#4: BodoFood\ProductBundle\Services\Stock\NewStockReservationManager->changeReserver () called at [/var/www/html/src/BodoFood/OrderBundle/Services/OrderProcessing.php:2058]    
#5: BodoFood\OrderBundle\Services\OrderProcessing->accept () called at [/var/www/html/src/BodoFood/OrderBundle/Services/OrderService.php:3476]    
#6: BodoFood\OrderBundle\Services\OrderService->acceptOrder () called at [/var/www/html/src/BodoFood/ApiBundle/Controller/VMS/v1/OrderController.php:186]    
#7: BodoFood\ApiBundle\Controller\VMS\v1\OrderController->acceptAction () called at [:]    
#8: call_user_func_array () called at [/var/www/html/vendor/symfony/symfony/src/Symfony/Component/HttpKernel/HttpKernel.php:144]    
#9: Symfony\Component\HttpKernel\HttpKernel->handleRaw () called at [/var/www/html/vendor/symfony/symfony/src/Symfony/Component/HttpKernel/HttpKernel.php:64]    
#10: Symfony\Component\HttpKernel\HttpKernel->handle () called at [/var/www/html/vendor/symfony/symfony/src/Symfony/Component/HttpKernel/DependencyInjection/ContainerAwareHttpKernel.php:69]    
#11: Symfony\Component\HttpKernel\DependencyInjection\ContainerAwareHttpKernel->handle () called at [/var/www/html/vendor/symfony/symfony/src/Symfony/Component/HttpKernel/Kernel.php:185]    
#12: Symfony\Component\HttpKernel\Kernel->handle () called at [/var/www/html/web/app_dev.php:27]   [] []
::None::None
================================================================================
::11::[2024-08-06 14:26:10] app.INFO:    OrderProcessingSideEffect::Business::BodoFood\OrderBundle\Services\OrderProcessing$$accept$$OrderId: 40692, VendorId: 37102, BasketId: 0::    
#1: BodoFood\OrderBundle\Services\OrderProcessingLog\OrderProcessingLog::logOrderProcessing () called at [/var/www/html/src/BodoFood/OrderBundle/Services/OrderProcessingLog/OrderProcessingLog.php:79]    
#2: BodoFood\OrderBundle\Services\OrderProcessingLog\OrderProcessingLog::logBasketId () called at [/var/www/html/src/BodoFood/OrderBundle/Services/OrderProcessing.php:2059]    
#3: BodoFood\OrderBundle\Services\OrderProcessing->accept () called at [/var/www/html/src/BodoFood/OrderBundle/Services/OrderService.php:3476]    
#4: BodoFood\OrderBundle\Services\OrderService->acceptOrder () called at [/var/www/html/src/BodoFood/ApiBundle/Controller/VMS/v1/OrderController.php:186]    
#5: BodoFood\ApiBundle\Controller\VMS\v1\OrderController->acceptAction () called at [:]    
#6: call_user_func_array () called at [/var/www/html/vendor/symfony/symfony/src/Symfony/Component/HttpKernel/HttpKernel.php:144]    
#7: Symfony\Component\HttpKernel\HttpKernel->handleRaw () called at [/var/www/html/vendor/symfony/symfony/src/Symfony/Component/HttpKernel/HttpKernel.php:64]    
#8: Symfony\Component\HttpKernel\HttpKernel->handle () called at [/var/www/html/vendor/symfony/symfony/src/Symfony/Component/HttpKernel/DependencyInjection/ContainerAwareHttpKernel.php:69]    
#9: Symfony\Component\HttpKernel\DependencyInjection\ContainerAwareHttpKernel->handle () called at [/var/www/html/vendor/symfony/symfony/src/Symfony/Component/HttpKernel/Kernel.php:185]    
#10: Symfony\Component\HttpKernel\Kernel->handle () called at [/var/www/html/web/app_dev.php:27]   [] []

================================================================================
::12::[2024-08-06 14:26:11] app.INFO:    OrderProcessingSideEffect::Business::BodoFood\OrderBundle\Services\OrderProcessing$$accept$$OrderId: 40692, VendorId: 37102, Status: Accepted::    
#1: BodoFood\OrderBundle\Services\OrderProcessingLog\OrderProcessingLog::logOrderProcessing () called at [/var/www/html/src/BodoFood/OrderBundle/Services/OrderProcessingLog/OrderProcessingLog.php:87]    
#2: BodoFood\OrderBundle\Services\OrderProcessingLog\OrderProcessingLog::logOrderStatus () called at [/var/www/html/src/BodoFood/OrderBundle/Services/OrderProcessing.php:2105]    
#3: BodoFood\OrderBundle\Services\OrderProcessing->accept () called at [/var/www/html/src/BodoFood/OrderBundle/Services/OrderService.php:3476]    
#4: BodoFood\OrderBundle\Services\OrderService->acceptOrder () called at [/var/www/html/src/BodoFood/ApiBundle/Controller/VMS/v1/OrderController.php:186]    
#5: BodoFood\ApiBundle\Controller\VMS\v1\OrderController->acceptAction () called at [:]    
#6: call_user_func_array () called at [/var/www/html/vendor/symfony/symfony/src/Symfony/Component/HttpKernel/HttpKernel.php:144]    
#7: Symfony\Component\HttpKernel\HttpKernel->handleRaw () called at [/var/www/html/vendor/symfony/symfony/src/Symfony/Component/HttpKernel/HttpKernel.php:64]    
#8: Symfony\Component\HttpKernel\HttpKernel->handle () called at [/var/www/html/vendor/symfony/symfony/src/Symfony/Component/HttpKernel/DependencyInjection/ContainerAwareHttpKernel.php:69]    
#9: Symfony\Component\HttpKernel\DependencyInjection\ContainerAwareHttpKernel->handle () called at [/var/www/html/vendor/symfony/symfony/src/Symfony/Component/HttpKernel/Kernel.php:185]    
#10: Symfony\Component\HttpKernel\Kernel->handle () called at [/var/www/html/web/app_dev.php:27]   [] []

================================================================================
::13::[2024-08-06 14:26:11] app.INFO:    OrderProcessingSideEffect::Business::BodoFood\OrderBundle\Services\OrderProcessing$$accept$$OrderId: 40692, VendorId: 37102, UserAddress: تهران، میرداماد، پوری سلطانی، نامی بعد از آقازاده فرد،  میرداماد::    
#1: BodoFood\OrderBundle\Services\OrderProcessingLog\OrderProcessingLog::logOrderProcessing () called at [/var/www/html/src/BodoFood/OrderBundle/Services/OrderProcessingLog/OrderProcessingLog.php:95]    
#2: BodoFood\OrderBundle\Services\OrderProcessingLog\OrderProcessingLog::logUserAddress () called at [/var/www/html/src/BodoFood/OrderBundle/Services/OrderProcessing.php:2116]    
#3: BodoFood\OrderBundle\Services\OrderProcessing->accept () called at [/var/www/html/src/BodoFood/OrderBundle/Services/OrderService.php:3476]    
#4: BodoFood\OrderBundle\Services\OrderService->acceptOrder () called at [/var/www/html/src/BodoFood/ApiBundle/Controller/VMS/v1/OrderController.php:186]    
#5: BodoFood\ApiBundle\Controller\VMS\v1\OrderController->acceptAction () called at [:]    
#6: call_user_func_array () called at [/var/www/html/vendor/symfony/symfony/src/Symfony/Component/HttpKernel/HttpKernel.php:144]    
#7: Symfony\Component\HttpKernel\HttpKernel->handleRaw () called at [/var/www/html/vendor/symfony/symfony/src/Symfony/Component/HttpKernel/HttpKernel.php:64]    
#8: Symfony\Component\HttpKernel\HttpKernel->handle () called at [/var/www/html/vendor/symfony/symfony/src/Symfony/Component/HttpKernel/DependencyInjection/ContainerAwareHttpKernel.php:69]    
#9: Symfony\Component\HttpKernel\DependencyInjection\ContainerAwareHttpKernel->handle () called at [/var/www/html/vendor/symfony/symfony/src/Symfony/Component/HttpKernel/Kernel.php:185]    
#10: Symfony\Component\HttpKernel\Kernel->handle () called at [/var/www/html/web/app_dev.php:27]   [] []

================================================================================
::14::[2024-08-06 14:26:11] app.INFO:    OrderProcessingSideEffect::Business::BodoFood\OrderBundle\Services\OrderProcessing$$accept$$OrderId: 40692, VendorId: 37102, DeltaOrderPrice: 50::    
#1: BodoFood\OrderBundle\Services\OrderProcessingLog\OrderProcessingLog::logOrderProcessing () called at [/var/www/html/src/BodoFood/OrderBundle/Services/OrderProcessingLog/OrderProcessingLog.php:104]    
#2: BodoFood\OrderBundle\Services\OrderProcessingLog\OrderProcessingLog::logDeltaPrice () called at [/var/www/html/src/BodoFood/OrderBundle/Services/OrderProcessing.php:2119]    
#3: BodoFood\OrderBundle\Services\OrderProcessing->accept () called at [/var/www/html/src/BodoFood/OrderBundle/Services/OrderService.php:3476]    
#4: BodoFood\OrderBundle\Services\OrderService->acceptOrder () called at [/var/www/html/src/BodoFood/ApiBundle/Controller/VMS/v1/OrderController.php:186]    
#5: BodoFood\ApiBundle\Controller\VMS\v1\OrderController->acceptAction () called at [:]    
#6: call_user_func_array () called at [/var/www/html/vendor/symfony/symfony/src/Symfony/Component/HttpKernel/HttpKernel.php:144]    
#7: Symfony\Component\HttpKernel\HttpKernel->handleRaw () called at [/var/www/html/vendor/symfony/symfony/src/Symfony/Component/HttpKernel/HttpKernel.php:64]    
#8: Symfony\Component\HttpKernel\HttpKernel->handle () called at [/var/www/html/vendor/symfony/symfony/src/Symfony/Component/HttpKernel/DependencyInjection/ContainerAwareHttpKernel.php:69]    
#9: Symfony\Component\HttpKernel\DependencyInjection\ContainerAwareHttpKernel->handle () called at [/var/www/html/vendor/symfony/symfony/src/Symfony/Component/HttpKernel/Kernel.php:185]    
#10: Symfony\Component\HttpKernel\Kernel->handle () called at [/var/www/html/web/app_dev.php:27]   [] []

================================================================================
::15::[2024-08-06 14:26:11] app.INFO:    OrderProcessingSideEffect::Redis::smembers, ["stock_reserver_reservations:basket-order-40692"]::    
#1: Predis\Client->__call () called at [/var/www/html/src/BodoFood/ProductBundle/Services/Stock/NewStockReservationManager.php:525]    
#2: BodoFood\ProductBundle\Services\Stock\NewStockReservationManager->getReservationsByKey () called at [/var/www/html/src/BodoFood/ProductBundle/Services/Stock/NewStockReservationManager.php:415]    
#3: BodoFood\ProductBundle\Services\Stock\NewStockReservationManager->getReserverReservations () called at [/var/www/html/src/BodoFood/ProductBundle/Services/Stock/NewStockReservationManager.php:262]    
#4: BodoFood\ProductBundle\Services\Stock\NewStockReservationManager->changeReserver () called at [/var/www/html/src/BodoFood/OrderBundle/Services/OrderProcessing.php:2586]    
#5: BodoFood\OrderBundle\Services\OrderProcessing->accept () called at [/var/www/html/src/BodoFood/OrderBundle/Services/OrderService.php:3476]    
#6: BodoFood\OrderBundle\Services\OrderService->acceptOrder () called at [/var/www/html/src/BodoFood/ApiBundle/Controller/VMS/v1/OrderController.php:186]    
#7: BodoFood\ApiBundle\Controller\VMS\v1\OrderController->acceptAction () called at [:]    
#8: call_user_func_array () called at [/var/www/html/vendor/symfony/symfony/src/Symfony/Component/HttpKernel/HttpKernel.php:144]    
#9: Symfony\Component\HttpKernel\HttpKernel->handleRaw () called at [/var/www/html/vendor/symfony/symfony/src/Symfony/Component/HttpKernel/HttpKernel.php:64]    
#10: Symfony\Component\HttpKernel\HttpKernel->handle () called at [/var/www/html/vendor/symfony/symfony/src/Symfony/Component/HttpKernel/DependencyInjection/ContainerAwareHttpKernel.php:69]    
#11: Symfony\Component\HttpKernel\DependencyInjection\ContainerAwareHttpKernel->handle () called at [/var/www/html/vendor/symfony/symfony/src/Symfony/Component/HttpKernel/Kernel.php:185]    
#12: Symfony\Component\HttpKernel\Kernel->handle () called at [/var/www/html/web/app_dev.php:27]   [] []
::None::None
================================================================================
::16::[2024-08-06 14:26:11] app.INFO:    OrderProcessingSideEffect::Redis::smembers, ["stock_reserver_reservations:order-40692"]::    
#1: Predis\Client->__call () called at [/var/www/html/src/BodoFood/ProductBundle/Services/Stock/NewStockReservationManager.php:336]    
#2: BodoFood\ProductBundle\Services\Stock\NewStockReservationManager->persistReserverReservations () called at [/var/www/html/src/BodoFood/OrderBundle/Services/OrderProcessing.php:2587]    
#3: BodoFood\OrderBundle\Services\OrderProcessing->accept () called at [/var/www/html/src/BodoFood/OrderBundle/Services/OrderService.php:3476]    
#4: BodoFood\OrderBundle\Services\OrderService->acceptOrder () called at [/var/www/html/src/BodoFood/ApiBundle/Controller/VMS/v1/OrderController.php:186]    
#5: BodoFood\ApiBundle\Controller\VMS\v1\OrderController->acceptAction () called at [:]    
#6: call_user_func_array () called at [/var/www/html/vendor/symfony/symfony/src/Symfony/Component/HttpKernel/HttpKernel.php:144]    
#7: Symfony\Component\HttpKernel\HttpKernel->handleRaw () called at [/var/www/html/vendor/symfony/symfony/src/Symfony/Component/HttpKernel/HttpKernel.php:64]    
#8: Symfony\Component\HttpKernel\HttpKernel->handle () called at [/var/www/html/vendor/symfony/symfony/src/Symfony/Component/HttpKernel/DependencyInjection/ContainerAwareHttpKernel.php:69]    
#9: Symfony\Component\HttpKernel\DependencyInjection\ContainerAwareHttpKernel->handle () called at [/var/www/html/vendor/symfony/symfony/src/Symfony/Component/HttpKernel/Kernel.php:185]    
#10: Symfony\Component\HttpKernel\Kernel->handle () called at [/var/www/html/web/app_dev.php:27]   [] []
::None::None
================================================================================
::17::[2024-08-06 14:26:11] app.INFO:    OrderProcessingSideEffect::Redis::setex, ["zoodfood_sess_e44ebbc0649b27d802cf20aeb95bdb64",604800,"_sf2_attributes|a:1:{s:15:\"basket-identity\";N;}_sf2_flashes|a:0:{}_sf2_meta|a:3:{s:1:\"u\";i:1722941753;s:1:\"c\";i:1722941753;s:1:\"l\";s:7:\"2592000\";}"]::    
#1: Predis\Client->__call () called at [/var/www/html/vendor/snc/redis-bundle/Session/Storage/Handler/RedisSessionHandler.php:220]    
#2: Snc\RedisBundle\Session\Storage\Handler\RedisSessionHandler->write () called at [/var/www/html/app/cache/dev/classes.php:420]    
#3: Symfony\Component\HttpFoundation\Session\Storage\Proxy\SessionHandlerProxy->write () called at [:]    
#4: session_write_close () called at [/var/www/html/app/cache/dev/classes.php:161]    
#5: Symfony\Component\HttpFoundation\Session\Storage\NativeSessionStorage->save () called at [/var/www/html/app/cache/dev/classes.php:536]    
#6: Symfony\Component\HttpFoundation\Session\Session->save () called at [/var/www/html/vendor/symfony/symfony/src/Symfony/Component/HttpKernel/EventListener/SaveSessionListener.php:55]    
#7: Symfony\Component\HttpKernel\EventListener\SaveSessionListener->onKernelResponse () called at [:]    
#8: call_user_func () called at [/var/www/html/vendor/symfony/symfony/src/Symfony/Component/EventDispatcher/Debug/WrappedListener.php:61]    
#9: Symfony\Component\EventDispatcher\Debug\WrappedListener->__invoke () called at [:]    
#10: call_user_func () called at [/var/www/html/app/cache/dev/classes.php:1858]    
#11: Symfony\Component\EventDispatcher\EventDispatcher->doDispatch () called at [/var/www/html/app/cache/dev/classes.php:1773]    
#12: Symfony\Component\EventDispatcher\EventDispatcher->dispatch () called at [/var/www/html/vendor/symfony/symfony/src/Symfony/Component/EventDispatcher/Debug/TraceableEventDispatcher.php:140]    
#13: Symfony\Component\EventDispatcher\Debug\TraceableEventDispatcher->dispatch () called at [/var/www/html/vendor/symfony/symfony/src/Symfony/Component/HttpKernel/HttpKernel.php:184]    
#14: Symfony\Component\HttpKernel\HttpKernel->filterResponse () called at [/var/www/html/vendor/symfony/symfony/src/Symfony/Component/HttpKernel/HttpKernel.php:166]    
#15: Symfony\Component\HttpKernel\HttpKernel->handleRaw () called at [/var/www/html/vendor/symfony/symfony/src/Symfony/Component/HttpKernel/HttpKernel.php:64]    
#16: Symfony\Component\HttpKernel\HttpKernel->handle () called at [/var/www/html/vendor/symfony/symfony/src/Symfony/Component/HttpKernel/DependencyInjection/ContainerAwareHttpKernel.php:69]    
#17: Symfony\Component\HttpKernel\DependencyInjection\ContainerAwareHttpKernel->handle () called at [/var/www/html/vendor/symfony/symfony/src/Symfony/Component/HttpKernel/Kernel.php:185]    
#18: Symfony\Component\HttpKernel\Kernel->handle () called at [/var/www/html/web/app_dev.php:27]   [] []
::None::None
================================================================================
::18::[2024-08-06 14:26:11] app.INFO:    OrderProcessingSideEffect::Redis::hexists, ["zoodfood:feature-toggles","delayed_order_queue"]::    
#1: Predis\Client->__call () called at [/var/www/html/src/BodoFood/BackendBundle/Services/FeatureToggle/Manager/RedisFeatureToggleToggleManager.php:73]    
#2: BodoFood\BackendBundle\Services\FeatureToggle\Manager\RedisFeatureToggleToggleManager->hasFeature () called at [/var/www/html/src/BodoFood/BackendBundle/Services/FeatureToggle/Manager/RedisFeatureToggleToggleManager.php:83]    
#3: BodoFood\BackendBundle\Services\FeatureToggle\Manager\RedisFeatureToggleToggleManager->isEnabled () called at [/var/www/html/src/BodoFood/BackendBundle/Services/FeatureToggle/Manager/DelegateFeatureToggleManager.php:79]    
#4: BodoFood\BackendBundle\Services\FeatureToggle\Manager\DelegateFeatureToggleManager->isEnabled () called at [/var/www/html/src/BodoFood/OrderBundle/Services/OrderQueue/Delay/FeatureToggle/DelayedOrderQueueServiceFactory.php:50]    
#5: BodoFood\OrderBundle\Services\OrderQueue\Delay\FeatureToggle\DelayedOrderQueueServiceFactory->create () called at [/var/www/html/app/cache/dev/appDevDebugProjectContainer.php:11751]    
#6: appDevDebugProjectContainer->getBodofood_DelayedOrderQueueServiceService () called at [/var/www/html/vendor/symfony/symfony/src/Symfony/Component/DependencyInjection/Container.php:314]    
#7: Symfony\Component\DependencyInjection\Container->get () called at [/var/www/html/src/BodoFood/OrderBundle/Services/OrderQueueService.php:145]    
#8: BodoFood\OrderBundle\Services\OrderQueueService->__construct () called at [/var/www/html/app/cache/dev/appDevDebugProjectContainer.php:15702]    
#9: appDevDebugProjectContainer->getBodofood_Order_QueueService () called at [/var/www/html/vendor/symfony/symfony/src/Symfony/Component/DependencyInjection/Container.php:314]    
#10: Symfony\Component\DependencyInjection\Container->get () called at [/var/www/html/app/cache/dev/appDevDebugProjectContainer.php:14285]    
#11: appDevDebugProjectContainer->getBodofood_Order_DequeueOrderWithVendorPingServiceService () called at [/var/www/html/vendor/symfony/symfony/src/Symfony/Component/DependencyInjection/Container.php:314]    
#12: Symfony\Component\DependencyInjection\Container->get () called at [/var/www/html/app/cache/dev/appDevDebugProjectContainer.php:14272]    
#13: appDevDebugProjectContainer->getBodofood_Order_DequeuOrderWithVendorPingHandlerService () called at [/var/www/html/vendor/symfony/symfony/src/Symfony/Component/DependencyInjection/Container.php:314]    
#14: Symfony\Component\DependencyInjection\Container->get () called at [/var/www/html/app/cache/dev/classes.php:1957]    
#15: Symfony\Component\EventDispatcher\ContainerAwareEventDispatcher->lazyLoad () called at [/var/www/html/app/cache/dev/classes.php:1922]    
#16: Symfony\Component\EventDispatcher\ContainerAwareEventDispatcher->getListeners () called at [/var/www/html/vendor/symfony/symfony/src/Symfony/Component/EventDispatcher/Debug/TraceableEventDispatcher.php:99]    
#17: Symfony\Component\EventDispatcher\Debug\TraceableEventDispatcher->getListeners () called at [/var/www/html/vendor/symfony/symfony/src/Symfony/Component/EventDispatcher/Debug/TraceableEventDispatcher.php:174]    
#18: Symfony\Component\EventDispatcher\Debug\TraceableEventDispatcher->getNotCalledListeners () called at [/var/www/html/vendor/symfony/symfony/src/Symfony/Component/HttpKernel/DataCollector/EventDataCollector.php:48]    
#19: Symfony\Component\HttpKernel\DataCollector\EventDataCollector->lateCollect () called at [/var/www/html/vendor/symfony/symfony/src/Symfony/Component/HttpKernel/Profiler/Profiler.php:116]    
#20: Symfony\Component\HttpKernel\Profiler\Profiler->saveProfile () called at [/var/www/html/vendor/symfony/symfony/src/Symfony/Component/HttpKernel/EventListener/ProfilerListener.php:158]    
#21: Symfony\Component\HttpKernel\EventListener\ProfilerListener->onKernelTerminate () called at [:]    
#22: call_user_func () called at [/var/www/html/vendor/symfony/symfony/src/Symfony/Component/EventDispatcher/Debug/WrappedListener.php:61]    
#23: Symfony\Component\EventDispatcher\Debug\WrappedListener->__invoke () called at [:]    
#24: call_user_func () called at [/var/www/html/app/cache/dev/classes.php:1858]    
#25: Symfony\Component\EventDispatcher\EventDispatcher->doDispatch () called at [/var/www/html/app/cache/dev/classes.php:1773]    
#26: Symfony\Component\EventDispatcher\EventDispatcher->dispatch () called at [/var/www/html/vendor/symfony/symfony/src/Symfony/Component/EventDispatcher/Debug/TraceableEventDispatcher.php:140]    
#27: Symfony\Component\EventDispatcher\Debug\TraceableEventDispatcher->dispatch () called at [/var/www/html/vendor/symfony/symfony/src/Symfony/Component/HttpKernel/HttpKernel.php:84]    
#28: Symfony\Component\HttpKernel\HttpKernel->terminate () called at [/var/www/html/vendor/symfony/symfony/src/Symfony/Component/HttpKernel/Kernel.php:153]    
#29: Symfony\Component\HttpKernel\Kernel->terminate () called at [/var/www/html/web/app_dev.php:29]   [] []
::None::None
================================================================================

================================================================================
